2021-06-11T00:22:17.9350654+12:00;VSTestExecutionThread;Info;SpecFlow+Runner execution started
2021-06-11T00:22:17.9352096+12:00;VSTestExecutionThread;Info;SpecFlow+Runner 3.8.12 in Framework netcore31 in x64 mode execution started
2021-06-11T00:22:17.9352205+12:00;VSTestExecutionThread;Info;TestAdapter Location: C:\Users\Dell\Documents\VB Feb 2021\SpecflowTask\SkillSwapSpecFlow\SkillSwapSpecFlow\bin\Debug\netcoreapp3.1\TechTalk.SpecRun.VisualStudio.TestAdapter.dll
2021-06-11T00:22:17.9378524+12:00;VSTestExecutionThread;Info;Current UserName: 'Dell', MachineName: 'DELL-PC'
2021-06-11T00:22:17.9946137+12:00;VSTestExecutionThread;Info;SpecRun: running tests in C:\Users\Dell\Documents\VB Feb 2021\SpecflowTask\SkillSwapSpecFlow\SkillSwapSpecFlow\bin\Debug\netcoreapp3.1\SkillSwapSpecFlow.dll
2021-06-11T00:22:17.9950442+12:00;VSTestExecutionThread;Info;Output folder configured to "C:\Users\Dell\Documents\VB Feb 2021\SpecflowTask\SkillSwapSpecFlow\TestResults" (default)
2021-06-11T00:22:17.9951872+12:00;VSTestExecutionThread;Info;Profile: 
2021-06-11T00:22:18.1256404+12:00;VSTestExecutionThread;Info;Log file path: C:\Users\Dell\Documents\VB Feb 2021\SpecflowTask\SkillSwapSpecFlow\TestResults\Unnamed project__2021-06-11T002218.log
2021-06-11T00:22:18.1405798+12:00;Thread#14;Info;Checking activation
2021-06-11T00:22:18.3766644+12:00;Thread#14;Info;Activated.
2021-06-11T00:22:18.3771954+12:00;Thread#14;Info;Activation check completed
2021-06-11T00:22:18.3773732+12:00;Thread#14;Info;Starting test run
2021-06-11T00:22:18.5474789+12:00;Thread#14;Info;Discovering target: Default
2021-06-11T00:22:18.5477434+12:00;Thread#14;Info;Discovering tests from assembly: C:\Users\Dell\Documents\VB Feb 2021\SpecflowTask\SkillSwapSpecFlow\SkillSwapSpecFlow\bin\Debug\netcoreapp3.1\SkillSwapSpecFlow.dll
2021-06-11T00:22:18.9139669+12:00;Thread#14;Info;Discovered tests from assembly: C:\Users\Dell\Documents\VB Feb 2021\SpecflowTask\SkillSwapSpecFlow\SkillSwapSpecFlow\bin\Debug\netcoreapp3.1\SkillSwapSpecFlow.dll
2021-06-11T00:22:18.9162031+12:00:Test Suite Dump
2021-06-11T00:22:18.9189069+12:00:#0: Unnamed project/ - 
2021-06-11T00:22:18.9189533+12:00:#1: Default - 
2021-06-11T00:22:18.9189624+12:00:#2: SkillSwapSpecFlow - 
2021-06-11T00:22:18.9189680+12:00:#3: Add Profile details - 
2021-06-11T00:22:18.9210012+12:00:#4: Add Description on Profile Page - TestAssembly:SkillSwapSpecFlow/Feature:Add+Profile+details/Scenario:Add+Description+on+Profile+Page
2021-06-11T00:22:18.9211401+12:00:End: Test Suite Dump
2021-06-11T00:22:18.9472247+12:00:Thread#0:Scheduler: get next test for thread 0
2021-06-11T00:22:18.9504046+12:00:Thread#:Scheduler: testitem #4 from normal test queue 
2021-06-11T00:22:18.9505808+12:00:Thread#0:Scheduler: considering testitem #4 for thread 0
2021-06-11T00:22:18.9561422+12:00:Thread#0:TestItem#4:testItemMatchesCurrentTestThread:UnSpecific
2021-06-11T00:22:18.9561762+12:00:Thread#0:TestItem#4:runsOnOneOtherThreadSpecific:False
2021-06-11T00:22:18.9561860+12:00:Thread#0:TestItem#4:runsOnOneOtherThreadUnspecific:False
2021-06-11T00:22:18.9561929+12:00:Thread#0:Scheduler: using testitem #4 for thread 0
2021-06-11T00:22:18.9574075+12:00:Thread#0:Scheduler: Test #4 is scheduled for thread
2021-06-11T00:22:18.9599938+12:00:Thread#0:Scheduler: with testItemExecutionIndex 0
2021-06-11T00:22:18.9648071+12:00:Thread #0: creating new test thread executor for SkillSwapSpecFlow, Version=1.0.0.0, Culture=neutral, PublicKeyToken=null (target: Default)
2021-06-11T00:22:18.9698104+12:00:Thread #0: Creating test assembly executor for execution model OutProc
2021-06-11T00:22:18.9702514+12:00:Thread #0: Creating test assembly executor for execution model OutProc
2021-06-11T00:22:18.9828579+12:00:Thread #0: using TechTalk.SpecRun.Framework.Execution.OutOfProc.StreamJsonRPC.OutOfProcessTestAssemblyExecutorHost to execute tests
2021-06-11T00:22:18.9860184+12:00:starting Out Of Process Executor
2021-06-11T00:22:18.9973100+12:00:Assembly resolving Microsoft.VisualStudio.Validation, Version=15.3.0.0, Culture=neutral, PublicKeyToken=b03f5f7f11d50a3a
2021-06-11T00:22:19.0010647+12:00:[AssemblyCache] Trying to resolve 'Microsoft.VisualStudio.Validation' from .deps.json file
2021-06-11T00:22:19.0010970+12:00:[AssemblyCache] Could not resolve 'Microsoft.VisualStudio.Validation' from .deps.json
2021-06-11T00:22:19.0026939+12:00:[AssemblyCache] Trying to resolve 'Microsoft.VisualStudio.Validation' in folder 'C:\Users\Dell\Documents\VB Feb 2021\SpecflowTask\SkillSwapSpecFlow\SkillSwapSpecFlow\bin\Debug\netcoreapp3.1'
2021-06-11T00:22:19.0033801+12:00:[AssemblyCache] Trying to resolve 'Microsoft.VisualStudio.Validation' to 'C:\Users\Dell\Documents\VB Feb 2021\SpecflowTask\SkillSwapSpecFlow\SkillSwapSpecFlow\bin\Debug\netcoreapp3.1\Microsoft.VisualStudio.Validation.dll'
2021-06-11T00:22:19.0035332+12:00:[AssemblyCache] Trying to resolve 'Microsoft.VisualStudio.Validation' to 'C:\Users\Dell\Documents\VB Feb 2021\SpecflowTask\SkillSwapSpecFlow\SkillSwapSpecFlow\bin\Debug\netcoreapp3.1\Microsoft.VisualStudio.Validation.exe'
2021-06-11T00:22:19.0036161+12:00:[AssemblyCache] Could not resolve 'Microsoft.VisualStudio.Validation' in folder 'C:\Users\Dell\Documents\VB Feb 2021\SpecflowTask\SkillSwapSpecFlow\SkillSwapSpecFlow\bin\Debug\netcoreapp3.1'
2021-06-11T00:22:19.0040315+12:00:TargetFramework: .NETCoreApp,Version=v3.1
2021-06-11T00:22:19.0049858+12:00:Tfm: netcoreapp3.1
2021-06-11T00:22:19.0050233+12:00:[AssemblyCache] Trying to resolve 'Microsoft.VisualStudio.Validation' in folder 'C:\Users\Dell\Documents\VB Feb 2021\SpecflowTask\SkillSwapSpecFlow\SkillSwapSpecFlow\bin\Debug\netcoreapp3.1\SpecFlowPlusRunner\netcoreapp3.1'
2021-06-11T00:22:19.0050314+12:00:[AssemblyCache] Trying to resolve 'Microsoft.VisualStudio.Validation' to 'C:\Users\Dell\Documents\VB Feb 2021\SpecflowTask\SkillSwapSpecFlow\SkillSwapSpecFlow\bin\Debug\netcoreapp3.1\SpecFlowPlusRunner\netcoreapp3.1\Microsoft.VisualStudio.Validation.dll'
2021-06-11T00:22:19.0051662+12:00:[AssemblyCache] Found file 'C:\Users\Dell\Documents\VB Feb 2021\SpecflowTask\SkillSwapSpecFlow\SkillSwapSpecFlow\bin\Debug\netcoreapp3.1\SpecFlowPlusRunner\netcoreapp3.1\Microsoft.VisualStudio.Validation.dll' for assembly 'Microsoft.VisualStudio.Validation'
2021-06-11T00:22:19.0136231+12:00:[AssemblyCache] Resolved 'Microsoft.VisualStudio.Validation' to C:\Users\Dell\Documents\VB Feb 2021\SpecflowTask\SkillSwapSpecFlow\SkillSwapSpecFlow\bin\Debug\netcoreapp3.1\SpecFlowPlusRunner\netcoreapp3.1\Microsoft.VisualStudio.Validation.dll
2021-06-11T00:22:19.0147391+12:00:Starting callback TCP Rpc server
2021-06-11T00:22:19.0471420+12:00:Asynchronously starting background TCP Rpc Server on port 32768
2021-06-11T00:22:19.0473156+12:00:Started callback TCP Rpc server on port 32768
2021-06-11T00:22:19.0473312+12:00:Starting logger TCP Rpc server
2021-06-11T00:22:19.0512163+12:00:Asynchronously starting background TCP Rpc Server on port 32769
2021-06-11T00:22:19.0513145+12:00:Started logger TCP Rpc server on port 32769
2021-06-11T00:22:19.2412576+12:00;Thread#14;Info;Executor full path resolved: C:\Program Files\dotnet\dotnet.exe
2021-06-11T00:22:19.2454541+12:00;Thread#14;Info;Starting SpecFlow+ Runner executor process with attached debugger...
2021-06-11T00:22:19.6146682+12:00;Thread#14;Info;Successfully started SpecFlow+ Runner executor process
2021-06-11T00:22:19.6223474+12:00:Out of Process Executor 28600 started
2021-06-11T00:22:19.6223723+12:00:Waiting for endpoint
2021-06-11T00:22:20.6408453+12:00:Assembly resolving Microsoft.VisualStudio.Threading, Version=15.3.0.0, Culture=neutral, PublicKeyToken=b03f5f7f11d50a3a
2021-06-11T00:22:20.6410454+12:00:[AssemblyCache] Trying to resolve 'Microsoft.VisualStudio.Threading' from .deps.json file
2021-06-11T00:22:20.6410738+12:00:[AssemblyCache] Could not resolve 'Microsoft.VisualStudio.Threading' from .deps.json
2021-06-11T00:22:20.6410920+12:00:[AssemblyCache] Trying to resolve 'Microsoft.VisualStudio.Threading' in folder 'C:\Users\Dell\Documents\VB Feb 2021\SpecflowTask\SkillSwapSpecFlow\SkillSwapSpecFlow\bin\Debug\netcoreapp3.1'
2021-06-11T00:22:20.6410989+12:00:[AssemblyCache] Trying to resolve 'Microsoft.VisualStudio.Threading' to 'C:\Users\Dell\Documents\VB Feb 2021\SpecflowTask\SkillSwapSpecFlow\SkillSwapSpecFlow\bin\Debug\netcoreapp3.1\Microsoft.VisualStudio.Threading.dll'
2021-06-11T00:22:20.6412037+12:00:[AssemblyCache] Trying to resolve 'Microsoft.VisualStudio.Threading' to 'C:\Users\Dell\Documents\VB Feb 2021\SpecflowTask\SkillSwapSpecFlow\SkillSwapSpecFlow\bin\Debug\netcoreapp3.1\Microsoft.VisualStudio.Threading.exe'
2021-06-11T00:22:20.6413396+12:00:[AssemblyCache] Could not resolve 'Microsoft.VisualStudio.Threading' in folder 'C:\Users\Dell\Documents\VB Feb 2021\SpecflowTask\SkillSwapSpecFlow\SkillSwapSpecFlow\bin\Debug\netcoreapp3.1'
2021-06-11T00:22:20.6413731+12:00:TargetFramework: .NETCoreApp,Version=v3.1
2021-06-11T00:22:20.6415282+12:00:Tfm: netcoreapp3.1
2021-06-11T00:22:20.6415520+12:00:[AssemblyCache] Trying to resolve 'Microsoft.VisualStudio.Threading' in folder 'C:\Users\Dell\Documents\VB Feb 2021\SpecflowTask\SkillSwapSpecFlow\SkillSwapSpecFlow\bin\Debug\netcoreapp3.1\SpecFlowPlusRunner\netcoreapp3.1'
2021-06-11T00:22:20.6415570+12:00:[AssemblyCache] Trying to resolve 'Microsoft.VisualStudio.Threading' to 'C:\Users\Dell\Documents\VB Feb 2021\SpecflowTask\SkillSwapSpecFlow\SkillSwapSpecFlow\bin\Debug\netcoreapp3.1\SpecFlowPlusRunner\netcoreapp3.1\Microsoft.VisualStudio.Threading.dll'
2021-06-11T00:22:20.6416542+12:00:[AssemblyCache] Found file 'C:\Users\Dell\Documents\VB Feb 2021\SpecflowTask\SkillSwapSpecFlow\SkillSwapSpecFlow\bin\Debug\netcoreapp3.1\SpecFlowPlusRunner\netcoreapp3.1\Microsoft.VisualStudio.Threading.dll' for assembly 'Microsoft.VisualStudio.Threading'
2021-06-11T00:22:20.6536048+12:00:[AssemblyCache] Resolved 'Microsoft.VisualStudio.Threading' to C:\Users\Dell\Documents\VB Feb 2021\SpecflowTask\SkillSwapSpecFlow\SkillSwapSpecFlow\bin\Debug\netcoreapp3.1\SpecFlowPlusRunner\netcoreapp3.1\Microsoft.VisualStudio.Threading.dll
2021-06-11T00:22:21.3629773+12:00:Remote executor port received: 32770
2021-06-11T00:22:21.3642445+12:00:Creating executor TCP client on port 32770
2021-06-11T00:22:21.3660850+12:00:Created executor TCP client on port 32770
2021-06-11T00:22:21.3661710+12:00:Connecting to remote executor TCP server
2021-06-11T00:22:21.3691422+12:00:Connected remote executor TCP server
2021-06-11T00:22:21.3696633+12:00:trying to connect to Out of Process Executor the 1 attempt
2021-06-11T00:22:21.3696813+12:00:Connection to Out of Process Executor established in the 1 attempt
2021-06-11T00:22:21.7008286+12:00:2021-06-11T00:22:21.6918647+12:00:OutOfProcessTestAssemblyExecutor: initialized for C:\Users\Dell\Documents\VB Feb 2021\SpecflowTask\SkillSwapSpecFlow\SkillSwapSpecFlow\bin\Debug\netcoreapp3.1\SkillSwapSpecFlow.dll on test thread #0
2021-06-11T00:22:21.7166762+12:00:Endpoint 28600 started
2021-06-11T00:22:21.7485669+12:00:2021-06-11T00:22:21.7472685+12:00:OutOfProcessTestAssemblyExecutor: running tests...
2021-06-11T00:22:21.9310318+12:00:2021-06-11T00:22:21.9300056+12:00:Assembly resolving TechTalk.SpecFlow, Version=3.8.0.0, Culture=neutral, PublicKeyToken=0778194805d6db41
2021-06-11T00:22:21.9375322+12:00:2021-06-11T00:22:21.9365651+12:00:[AssemblyCache] Trying to resolve 'TechTalk.SpecFlow' from .deps.json file
2021-06-11T00:22:21.9448736+12:00:2021-06-11T00:22:21.9437739+12:00:[AssemblyCache] Resolved 'TechTalk.SpecFlow' to 'C:\Users\Dell\.nuget\packages\specflow\3.8.7\lib\netstandard2.0\TechTalk.SpecFlow.dll'
2021-06-11T00:22:22.1711356+12:00:2021-06-11T00:22:22.1686250+12:00:Thread#0:T:-> Loading plugin C:\Users\Dell\Documents\VB Feb 2021\SpecflowTask\SkillSwapSpecFlow\SkillSwapSpecFlow\bin\Debug\netcoreapp3.1\SkillSwapSpecFlow.dll
2021-06-11T00:22:22.1764597+12:00:2021-06-11T00:22:22.1745049+12:00:Assembly resolving Microsoft.Extensions.DependencyModel, Version=1.0.1.0, Culture=neutral, PublicKeyToken=adb9793829ddae60
2021-06-11T00:22:22.1800361+12:00:2021-06-11T00:22:22.1783584+12:00:[AssemblyCache] Trying to resolve 'Microsoft.Extensions.DependencyModel' from .deps.json file
2021-06-11T00:22:22.1856896+12:00:2021-06-11T00:22:22.1828135+12:00:[AssemblyCache] Resolved 'Microsoft.Extensions.DependencyModel' to 'C:\Users\Dell\.nuget\packages\microsoft.extensions.dependencymodel\1.0.3\lib\netstandard1.6\Microsoft.Extensions.DependencyModel.dll'
2021-06-11T00:22:22.2769341+12:00:2021-06-11T00:22:22.2753646+12:00:Assembly resolving Microsoft.DotNet.PlatformAbstractions, Version=1.0.1.0, Culture=neutral, PublicKeyToken=adb9793829ddae60
2021-06-11T00:22:22.2788415+12:00:2021-06-11T00:22:22.2782129+12:00:[AssemblyCache] Trying to resolve 'Microsoft.DotNet.PlatformAbstractions' from .deps.json file
2021-06-11T00:22:22.2808282+12:00:2021-06-11T00:22:22.2799734+12:00:[AssemblyCache] Resolved 'Microsoft.DotNet.PlatformAbstractions' to 'C:\Users\Dell\.nuget\packages\microsoft.dotnet.platformabstractions\1.0.3\lib\netstandard1.3\Microsoft.DotNet.PlatformAbstractions.dll'
2021-06-11T00:22:22.3039547+12:00:2021-06-11T00:22:22.3029453+12:00:Thread#0:T:-> Missing [assembly:RuntimePlugin] attribute in SkillSwapSpecFlow, Version=1.0.0.0, Culture=neutral, PublicKeyToken=null. Please check https://go.specflow.org/doc-plugins for details.
2021-06-11T00:22:22.3067647+12:00:2021-06-11T00:22:22.3051774+12:00:Thread#0:T:-> Loading plugin C:\Users\Dell\Documents\VB Feb 2021\SpecflowTask\SkillSwapSpecFlow\SkillSwapSpecFlow\bin\Debug\netcoreapp3.1\LivingDoc.SpecFlowPlugin.dll
2021-06-11T00:22:22.3197092+12:00:2021-06-11T00:22:22.3186704+12:00:Assembly resolving LivingDoc.Dtos, Version=3.8.0.0, Culture=neutral, PublicKeyToken=null
2021-06-11T00:22:22.3219188+12:00:2021-06-11T00:22:22.3209316+12:00:[AssemblyCache] Trying to resolve 'LivingDoc.Dtos' from .deps.json file
2021-06-11T00:22:22.3246615+12:00:2021-06-11T00:22:22.3237230+12:00:[AssemblyCache] Resolved 'LivingDoc.Dtos' to 'C:\Users\Dell\.nuget\packages\specflow.plus.livingdocplugin\3.8.35\lib\netstandard2.0\LivingDoc.Dtos.dll'
2021-06-11T00:22:22.3372471+12:00:2021-06-11T00:22:22.3362720+12:00:Thread#0:T:-> Loading plugin C:\Users\Dell\Documents\VB Feb 2021\SpecflowTask\SkillSwapSpecFlow\SkillSwapSpecFlow\bin\Debug\netcoreapp3.1\SpecRun.Runtime.SpecFlowPlugin.dll
2021-06-11T00:22:22.3596657+12:00:2021-06-11T00:22:22.3588135+12:00:Thread#0:T:-> Using default config
2021-06-11T00:22:22.3777565+12:00:2021-06-11T00:22:22.3767930+12:00:Assembly resolving Cucumber.Messages, Version=6.0.1.0, Culture=neutral, PublicKeyToken=b10c5988214f940c
2021-06-11T00:22:22.3795396+12:00:2021-06-11T00:22:22.3788755+12:00:[AssemblyCache] Trying to resolve 'Cucumber.Messages' from .deps.json file
2021-06-11T00:22:22.3814851+12:00:2021-06-11T00:22:22.3807579+12:00:[AssemblyCache] Resolved 'Cucumber.Messages' to 'C:\Users\Dell\.nuget\packages\cucumber.messages\6.0.1\lib\netstandard2.0\Cucumber.Messages.dll'
2021-06-11T00:22:22.3908686+12:00:2021-06-11T00:22:22.3899991+12:00:Assembly resolving Google.Protobuf, Version=3.7.0.0, Culture=neutral, PublicKeyToken=a7d26565bac4d604
2021-06-11T00:22:22.3925453+12:00:2021-06-11T00:22:22.3918959+12:00:[AssemblyCache] Trying to resolve 'Google.Protobuf' from .deps.json file
2021-06-11T00:22:22.3942829+12:00:2021-06-11T00:22:22.3936162+12:00:[AssemblyCache] Resolved 'Google.Protobuf' to 'C:\Users\Dell\.nuget\packages\google.protobuf\3.7.0\lib\netstandard1.0\Google.Protobuf.dll'
2021-06-11T00:22:22.4101037+12:00:2021-06-11T00:22:22.4092260+12:00:Assembly resolving Microsoft.VisualStudio.TestPlatform.ObjectModel, Version=15.0.0.0, Culture=neutral, PublicKeyToken=b03f5f7f11d50a3a
2021-06-11T00:22:22.4117984+12:00:2021-06-11T00:22:22.4111126+12:00:[AssemblyCache] Trying to resolve 'Microsoft.VisualStudio.TestPlatform.ObjectModel' from .deps.json file
2021-06-11T00:22:22.4135323+12:00:2021-06-11T00:22:22.4129240+12:00:[AssemblyCache] Resolved 'Microsoft.VisualStudio.TestPlatform.ObjectModel' to 'C:\Users\Dell\.nuget\packages\microsoft.testplatform.objectmodel\16.10.0\lib\netcoreapp2.1\Microsoft.VisualStudio.TestPlatform.ObjectModel.dll'
2021-06-11T00:22:22.5045617+12:00:2021-06-11T00:22:22.5036213+12:00:Assembly resolving Utf8Json, Version=1.3.7.0, Culture=neutral, PublicKeyToken=8a73d3ba7e392e27
2021-06-11T00:22:22.5063818+12:00:2021-06-11T00:22:22.5056331+12:00:[AssemblyCache] Trying to resolve 'Utf8Json' from .deps.json file
2021-06-11T00:22:22.5095643+12:00:2021-06-11T00:22:22.5081029+12:00:[AssemblyCache] Resolved 'Utf8Json' to 'C:\Users\Dell\.nuget\packages\utf8json\1.3.7\lib\netstandard2.0\Utf8Json.dll'
2021-06-11T00:22:23.1113314+12:00:2021-06-11T00:22:23.1096474+12:00:Assembly resolving ExtentReports, Version=4.1.0.0, Culture=neutral, PublicKeyToken=null
2021-06-11T00:22:23.1145364+12:00:2021-06-11T00:22:23.1131186+12:00:[AssemblyCache] Trying to resolve 'ExtentReports' from .deps.json file
2021-06-11T00:22:23.1184148+12:00:2021-06-11T00:22:23.1166963+12:00:[AssemblyCache] Resolved 'ExtentReports' to 'C:\Users\Dell\.nuget\packages\extentreports\4.1.0\lib\netstandard2.0\ExtentReports.dll'
2021-06-11T00:22:27.8615073+12:00:2021-06-11T00:22:27.8596783+12:00:OutOfProcessTestAssemblyExecutor: RunTest error: System.ArgumentOutOfRangeException: Length cannot be less than zero. (Parameter 'length')
   at System.String.Substring(Int32 startIndex, Int32 length)
   at SkillSwapSpecFlow.Hooks.Hooks.Setup() in C:\Users\Dell\Documents\VB Feb 2021\SpecflowTask\SkillSwapSpecFlow\SkillSwapSpecFlow\Hooks\Hooks.cs:line 24
   at TechTalk.SpecFlow.Infrastructure.TestExecutionEngine.FireEvents(HookType hookType) in D:\a\1\s\TechTalk.SpecFlow\Infrastructure\TestExecutionEngine.cs:line 404
   at TechTalk.SpecFlow.Infrastructure.TestExecutionEngine.OnTestRunStart() in D:\a\1\s\TechTalk.SpecFlow\Infrastructure\TestExecutionEngine.cs:line 137
   at TechTalk.SpecRun.SpecFlowPlugin.Runtime.RunnerTestExecutionEngine.OnTestRunStart()
   at TechTalk.SpecFlow.TestRunner.OnTestRunStart() in D:\a\1\s\TechTalk.SpecFlow\TestRunner.cs:line 30
   at TechTalk.SpecFlow.TestRunnerManager.FireTestRunStart() in D:\a\1\s\TechTalk.SpecFlow\TestRunnerManager.cs:line 118
   at TechTalk.SpecFlow.TestRunnerManager.OnTestRunStart(Assembly testAssembly, IContainerBuilder containerBuilder) in D:\a\1\s\TechTalk.SpecFlow\TestRunnerManager.cs:line 236
   at SkillSwapSpecFlow_SpecFlowPlusRunnerAssemblyHooks.AssemblyInitialize() in C:\Users\Dell\Documents\VB Feb 2021\SpecflowTask\SkillSwapSpecFlow\SkillSwapSpecFlow\obj\Debug\netcoreapp3.1\SpecFlow.Plus.Runner.AssemblyHooks.cs:line 12
   at TechTalk.SpecRun.Framework.TaskExecutors.StaticOrInstanceMethodExecutor.ExecuteInternal(ITestThreadExecutionContext testThreadExecutionContext)
   at TechTalk.SpecRun.Framework.TaskExecutors.StaticOrInstanceMethodExecutor.Execute(ITestThreadExecutionContext testThreadExecutionContext)
   at TechTalk.SpecRun.Framework.TestAssemblyExecutor.RunAssemblyInitializeExecutors(ITestAssemblyExecutorsProvider testAssemblyExecutorsProvider, ITestThreadExecutionContext testThreadExecutionContext)
   at TechTalk.SpecRun.Framework.TestAssemblyExecutor.RunTests(ITestAssemblyExecutorState executorState, ITestAssemblyExecutorsProvider testAssemblyExecutorsProvider, ITestThreadExecutionContext testThreadExecutionContext)
   at TechTalk.SpecRun.Framework.TestAssemblyExecutor.RunTests(TestThreadState testThreadState)
   at TechTalk.SpecRun.Framework.Execution.InProcess.InProcAppDomainTestAssemblyExecutor.RunTests(TestThreadState testThreadState)
   at TechTalk.SpecRun.Framework.Execution.OutOfProcess.OutOfProcessTestAssemblyExecutor.RunTests(TestThreadState testThreadState)
2021-06-11T00:22:27.8656334+12:00:2021-06-11T00:22:27.8647298+12:00:OutOfProcessTestAssemblyExecutorReceiver - Error at RunTests - System.ArgumentOutOfRangeException: Length cannot be less than zero. (Parameter 'length')
   at System.String.Substring(Int32 startIndex, Int32 length)
   at SkillSwapSpecFlow.Hooks.Hooks.Setup() in C:\Users\Dell\Documents\VB Feb 2021\SpecflowTask\SkillSwapSpecFlow\SkillSwapSpecFlow\Hooks\Hooks.cs:line 24
   at TechTalk.SpecFlow.Infrastructure.TestExecutionEngine.FireEvents(HookType hookType) in D:\a\1\s\TechTalk.SpecFlow\Infrastructure\TestExecutionEngine.cs:line 404
   at TechTalk.SpecFlow.Infrastructure.TestExecutionEngine.OnTestRunStart() in D:\a\1\s\TechTalk.SpecFlow\Infrastructure\TestExecutionEngine.cs:line 137
   at TechTalk.SpecRun.SpecFlowPlugin.Runtime.RunnerTestExecutionEngine.OnTestRunStart()
   at TechTalk.SpecFlow.TestRunner.OnTestRunStart() in D:\a\1\s\TechTalk.SpecFlow\TestRunner.cs:line 30
   at TechTalk.SpecFlow.TestRunnerManager.FireTestRunStart() in D:\a\1\s\TechTalk.SpecFlow\TestRunnerManager.cs:line 118
   at TechTalk.SpecFlow.TestRunnerManager.OnTestRunStart(Assembly testAssembly, IContainerBuilder containerBuilder) in D:\a\1\s\TechTalk.SpecFlow\TestRunnerManager.cs:line 236
   at SkillSwapSpecFlow_SpecFlowPlusRunnerAssemblyHooks.AssemblyInitialize() in C:\Users\Dell\Documents\VB Feb 2021\SpecflowTask\SkillSwapSpecFlow\SkillSwapSpecFlow\obj\Debug\netcoreapp3.1\SpecFlow.Plus.Runner.AssemblyHooks.cs:line 12
   at TechTalk.SpecRun.Framework.TaskExecutors.StaticOrInstanceMethodExecutor.ExecuteInternal(ITestThreadExecutionContext testThreadExecutionContext)
   at TechTalk.SpecRun.Framework.TaskExecutors.StaticOrInstanceMethodExecutor.Execute(ITestThreadExecutionContext testThreadExecutionContext)
   at TechTalk.SpecRun.Framework.TestAssemblyExecutor.RunAssemblyInitializeExecutors(ITestAssemblyExecutorsProvider testAssemblyExecutorsProvider, ITestThreadExecutionContext testThreadExecutionContext)
   at TechTalk.SpecRun.Framework.TestAssemblyExecutor.RunTests(ITestAssemblyExecutorState executorState, ITestAssemblyExecutorsProvider testAssemblyExecutorsProvider, ITestThreadExecutionContext testThreadExecutionContext)
   at TechTalk.SpecRun.Framework.TestAssemblyExecutor.RunTests(TestThreadState testThreadState)
   at TechTalk.SpecRun.Framework.Execution.InProcess.InProcAppDomainTestAssemblyExecutor.RunTests(TestThreadState testThreadState)
   at TechTalk.SpecRun.Framework.Execution.OutOfProcess.OutOfProcessTestAssemblyExecutor.RunTests(TestThreadState testThreadState)
   at TechTalk.SpecRun.Framework.Execution.OutOfProcess.OutOfProcessTestAssemblyExecutorReceiver.RunTests(TestThreadState testThreadState)
2021-06-11T00:22:27.9503136+12:00:test thread #0 error: StreamJsonRpc.RemoteInvocationException: Length cannot be less than zero. (Parameter 'length')
   at StreamJsonRpc.JsonRpc.InvokeCoreAsync[TResult](Nullable`1 id, String targetName, IReadOnlyList`1 arguments, CancellationToken cancellationToken, Boolean isParameterObject)
   at TechTalk.SpecFlow.Plus.RPC.TcpRpcClient.Invoke[T](String methodName, Object[] parameters)
   at TechTalk.SpecFlow.Plus.RPC.AsyncHelper.RunSync[TResult](Func`1 func)
   at TechTalk.SpecRun.Framework.Execution.OutOfProc.StreamJsonRPC.OutOfProcessTestAssemblyExecutorClient.RunTests(TestThreadState testThreadState)
   at TechTalk.SpecRun.Framework.Execution.OutOfProc.StreamJsonRPC.RemoteExecutor.RunTests(TestThreadState testThreadState)
   at TechTalk.SpecRun.Framework.Execution.OutOfProc.StreamJsonRPC.OutOfProcessTestAssemblyExecutorHost.RunTests(TestThreadState testThreadState)
   at TechTalk.SpecRun.Framework.TestThread.RunNonEmptyTestSuite(CancellationToken cancellationToken, TestThreadState testThreadState)
   at TechTalk.SpecRun.Framework.TestThread.Run(ITestExecutionManager executionManagerForRun, CancellationToken cancellationToken)
   at TechTalk.SpecRun.Framework.AsyncTestThreadRunner.RunSync(TestExecutionManager executionManager, CancellationToken cancellationToken)
2021-06-11T00:22:27.9525687+12:00:test thread error: TechTalk.SpecRun.Framework.SpecRunException: At least one test thread aborted.
 ---> StreamJsonRpc.RemoteInvocationException: Length cannot be less than zero. (Parameter 'length')
   at StreamJsonRpc.JsonRpc.InvokeCoreAsync[TResult](Nullable`1 id, String targetName, IReadOnlyList`1 arguments, CancellationToken cancellationToken, Boolean isParameterObject)
   at TechTalk.SpecFlow.Plus.RPC.TcpRpcClient.Invoke[T](String methodName, Object[] parameters)
   at TechTalk.SpecFlow.Plus.RPC.AsyncHelper.RunSync[TResult](Func`1 func)
   at TechTalk.SpecRun.Framework.Execution.OutOfProc.StreamJsonRPC.OutOfProcessTestAssemblyExecutorClient.RunTests(TestThreadState testThreadState)
   at TechTalk.SpecRun.Framework.Execution.OutOfProc.StreamJsonRPC.RemoteExecutor.RunTests(TestThreadState testThreadState)
   at TechTalk.SpecRun.Framework.Execution.OutOfProc.StreamJsonRPC.OutOfProcessTestAssemblyExecutorHost.RunTests(TestThreadState testThreadState)
   at TechTalk.SpecRun.Framework.TestThread.RunNonEmptyTestSuite(CancellationToken cancellationToken, TestThreadState testThreadState)
   at TechTalk.SpecRun.Framework.TestThread.Run(ITestExecutionManager executionManagerForRun, CancellationToken cancellationToken)
   at TechTalk.SpecRun.Framework.AsyncTestThreadRunner.RunSync(TestExecutionManager executionManager, CancellationToken cancellationToken)
   --- End of inner exception stack trace ---
2021-06-11T00:22:27.9633535+12:00:Thread#-1: Test #4/0 is started on thread #-1
2021-06-11T00:22:27.9672227+12:00:Thread#-1: Test #4/0 is finished on thread #-1 as Skipped within 0.0013109 seconds
2021-06-11T00:22:27.9716075+12:00:Thread#-1:Scheduler: get next test for thread -1
2021-06-11T00:22:27.9717335+12:00:Thread#:Scheduler: at the end of normal test queue
2021-06-11T00:22:27.9717488+12:00:Thread#-1:Scheduler: enumerator for thread is at end
2021-06-11T00:22:28.0379244+12:00;Thread#14;Info;test run finished
2021-06-11T00:22:28.0382426+12:00;Thread#14;Info;publishing test results
2021-06-11T00:22:28.0385657+12:00;Thread#14;Info;Not publishing results.
2021-06-11T00:22:28.0387124+12:00;Thread#14;Info;test results published
2021-06-11T00:22:28.0388686+12:00;Thread#14;Info;generating reports
2021-06-11T00:22:28.1734669+12:00;Thread#14;Info;Starting external report generation process
2021-06-11T00:22:30.6088027+12:00;Thread#14;Info;Successfully generated reports.
2021-06-11T00:22:30.6119212+12:00;Thread#14;Info;Successfully generated reports
2021-06-11T00:22:30.6264617+12:00:Total: 1
2021-06-11T00:22:30.6300679+12:00:Succeeded: 0
2021-06-11T00:22:30.6309188+12:00:Ignored: 0
2021-06-11T00:22:30.6316030+12:00:Pending: 0
2021-06-11T00:22:30.6316238+12:00:Skipped: 1
2021-06-11T00:22:30.6322921+12:00:Failed: 0
2021-06-11T00:22:30.6350027+12:00;VSTestExecutionThread;Info;Adding attachments to VSTest
2021-06-11T00:22:30.6351162+12:00;VSTestExecutionThread;Info;adding Test Execution Report 'C:\Users\Dell\Documents\VB Feb 2021\SpecflowTask\SkillSwapSpecFlow\TestResults\Unnamed project__2021-06-11T002218.html'
========== End of log file ==========
