2021-06-11T13:16:01.8379134+12:00;VSTestExecutionThread;Info;SpecFlow+Runner execution started
2021-06-11T13:16:01.8381360+12:00;VSTestExecutionThread;Info;SpecFlow+Runner 3.8.12 in Framework netcore31 in x64 mode execution started
2021-06-11T13:16:01.8381418+12:00;VSTestExecutionThread;Info;TestAdapter Location: C:\Users\Dell\Documents\VB Feb 2021\SpecflowTask\SkillSwapSpecFlow\SkillSwapSpecFlow\bin\Debug\netcoreapp3.1\TechTalk.SpecRun.VisualStudio.TestAdapter.dll
2021-06-11T13:16:01.8397695+12:00;VSTestExecutionThread;Info;Current UserName: 'Dell', MachineName: 'DELL-PC'
2021-06-11T13:16:01.8848440+12:00;VSTestExecutionThread;Info;SpecRun: running tests in C:\Users\Dell\Documents\VB Feb 2021\SpecflowTask\SkillSwapSpecFlow\SkillSwapSpecFlow\bin\Debug\netcoreapp3.1\SkillSwapSpecFlow.dll
2021-06-11T13:16:01.8851966+12:00;VSTestExecutionThread;Info;Output folder configured to "C:\Users\Dell\Documents\VB Feb 2021\SpecflowTask\SkillSwapSpecFlow\TestResults" (default)
2021-06-11T13:16:01.8852940+12:00;VSTestExecutionThread;Info;Profile: 
2021-06-11T13:16:01.9475340+12:00;VSTestExecutionThread;Info;Log file path: C:\Users\Dell\Documents\VB Feb 2021\SpecflowTask\SkillSwapSpecFlow\TestResults\Unnamed project__2021-06-11T131601.log
2021-06-11T13:16:01.9546981+12:00;Thread#12;Info;Checking activation
2021-06-11T13:16:02.0783465+12:00;Thread#12;Info;Activated.
2021-06-11T13:16:02.0787772+12:00;Thread#12;Info;Activation check completed
2021-06-11T13:16:02.0789503+12:00;Thread#12;Info;Starting test run
2021-06-11T13:16:02.1807154+12:00;Thread#12;Info;Discovering target: Default
2021-06-11T13:16:02.1810187+12:00;Thread#12;Info;Discovering tests from assembly: C:\Users\Dell\Documents\VB Feb 2021\SpecflowTask\SkillSwapSpecFlow\SkillSwapSpecFlow\bin\Debug\netcoreapp3.1\SkillSwapSpecFlow.dll
2021-06-11T13:16:02.3180800+12:00;Thread#12;Info;Discovered tests from assembly: C:\Users\Dell\Documents\VB Feb 2021\SpecflowTask\SkillSwapSpecFlow\SkillSwapSpecFlow\bin\Debug\netcoreapp3.1\SkillSwapSpecFlow.dll
2021-06-11T13:16:02.3198336+12:00:Test Suite Dump
2021-06-11T13:16:02.3228360+12:00:#0: Unnamed project/ - 
2021-06-11T13:16:02.3228787+12:00:#1: Default - 
2021-06-11T13:16:02.3228880+12:00:#2: SkillSwapSpecFlow - 
2021-06-11T13:16:02.3228934+12:00:#3: Add Profile details - 
2021-06-11T13:16:02.3245711+12:00:#4: Add Description on Profile Page - TestAssembly:SkillSwapSpecFlow/Feature:Add+Profile+details/Scenario:Add+Description+on+Profile+Page
2021-06-11T13:16:02.3246876+12:00:End: Test Suite Dump
2021-06-11T13:16:02.3472364+12:00:Thread#0:Scheduler: get next test for thread 0
2021-06-11T13:16:02.3496485+12:00:Thread#:Scheduler: testitem #4 from normal test queue 
2021-06-11T13:16:02.3497864+12:00:Thread#0:Scheduler: considering testitem #4 for thread 0
2021-06-11T13:16:02.3553810+12:00:Thread#0:TestItem#4:testItemMatchesCurrentTestThread:UnSpecific
2021-06-11T13:16:02.3554128+12:00:Thread#0:TestItem#4:runsOnOneOtherThreadSpecific:False
2021-06-11T13:16:02.3554172+12:00:Thread#0:TestItem#4:runsOnOneOtherThreadUnspecific:False
2021-06-11T13:16:02.3554233+12:00:Thread#0:Scheduler: using testitem #4 for thread 0
2021-06-11T13:16:02.3563915+12:00:Thread#0:Scheduler: Test #4 is scheduled for thread
2021-06-11T13:16:02.3584648+12:00:Thread#0:Scheduler: with testItemExecutionIndex 0
2021-06-11T13:16:02.3614479+12:00:Thread #0: creating new test thread executor for SkillSwapSpecFlow, Version=1.0.0.0, Culture=neutral, PublicKeyToken=null (target: Default)
2021-06-11T13:16:02.3651937+12:00:Thread #0: Creating test assembly executor for execution model OutProc
2021-06-11T13:16:02.3654383+12:00:Thread #0: Creating test assembly executor for execution model OutProc
2021-06-11T13:16:02.3691098+12:00:Thread #0: using TechTalk.SpecRun.Framework.Execution.OutOfProc.StreamJsonRPC.OutOfProcessTestAssemblyExecutorHost to execute tests
2021-06-11T13:16:02.3717494+12:00:starting Out Of Process Executor
2021-06-11T13:16:02.3737958+12:00:Assembly resolving Microsoft.VisualStudio.Validation, Version=15.3.0.0, Culture=neutral, PublicKeyToken=b03f5f7f11d50a3a
2021-06-11T13:16:02.3766952+12:00:[AssemblyCache] Trying to resolve 'Microsoft.VisualStudio.Validation' from .deps.json file
2021-06-11T13:16:02.3767160+12:00:[AssemblyCache] Could not resolve 'Microsoft.VisualStudio.Validation' from .deps.json
2021-06-11T13:16:02.3778872+12:00:[AssemblyCache] Trying to resolve 'Microsoft.VisualStudio.Validation' in folder 'C:\Users\Dell\Documents\VB Feb 2021\SpecflowTask\SkillSwapSpecFlow\SkillSwapSpecFlow\bin\Debug\netcoreapp3.1'
2021-06-11T13:16:02.3783601+12:00:[AssemblyCache] Trying to resolve 'Microsoft.VisualStudio.Validation' to 'C:\Users\Dell\Documents\VB Feb 2021\SpecflowTask\SkillSwapSpecFlow\SkillSwapSpecFlow\bin\Debug\netcoreapp3.1\Microsoft.VisualStudio.Validation.dll'
2021-06-11T13:16:02.3784966+12:00:[AssemblyCache] Trying to resolve 'Microsoft.VisualStudio.Validation' to 'C:\Users\Dell\Documents\VB Feb 2021\SpecflowTask\SkillSwapSpecFlow\SkillSwapSpecFlow\bin\Debug\netcoreapp3.1\Microsoft.VisualStudio.Validation.exe'
2021-06-11T13:16:02.3785841+12:00:[AssemblyCache] Could not resolve 'Microsoft.VisualStudio.Validation' in folder 'C:\Users\Dell\Documents\VB Feb 2021\SpecflowTask\SkillSwapSpecFlow\SkillSwapSpecFlow\bin\Debug\netcoreapp3.1'
2021-06-11T13:16:02.3789045+12:00:TargetFramework: .NETCoreApp,Version=v3.1
2021-06-11T13:16:02.3796030+12:00:Tfm: netcoreapp3.1
2021-06-11T13:16:02.3796204+12:00:[AssemblyCache] Trying to resolve 'Microsoft.VisualStudio.Validation' in folder 'C:\Users\Dell\Documents\VB Feb 2021\SpecflowTask\SkillSwapSpecFlow\SkillSwapSpecFlow\bin\Debug\netcoreapp3.1\SpecFlowPlusRunner\netcoreapp3.1'
2021-06-11T13:16:02.3796238+12:00:[AssemblyCache] Trying to resolve 'Microsoft.VisualStudio.Validation' to 'C:\Users\Dell\Documents\VB Feb 2021\SpecflowTask\SkillSwapSpecFlow\SkillSwapSpecFlow\bin\Debug\netcoreapp3.1\SpecFlowPlusRunner\netcoreapp3.1\Microsoft.VisualStudio.Validation.dll'
2021-06-11T13:16:02.3797076+12:00:[AssemblyCache] Found file 'C:\Users\Dell\Documents\VB Feb 2021\SpecflowTask\SkillSwapSpecFlow\SkillSwapSpecFlow\bin\Debug\netcoreapp3.1\SpecFlowPlusRunner\netcoreapp3.1\Microsoft.VisualStudio.Validation.dll' for assembly 'Microsoft.VisualStudio.Validation'
2021-06-11T13:16:02.3801818+12:00:[AssemblyCache] Resolved 'Microsoft.VisualStudio.Validation' to C:\Users\Dell\Documents\VB Feb 2021\SpecflowTask\SkillSwapSpecFlow\SkillSwapSpecFlow\bin\Debug\netcoreapp3.1\SpecFlowPlusRunner\netcoreapp3.1\Microsoft.VisualStudio.Validation.dll
2021-06-11T13:16:02.3809522+12:00:Starting callback TCP Rpc server
2021-06-11T13:16:02.4026233+12:00:Asynchronously starting background TCP Rpc Server on port 32768
2021-06-11T13:16:02.4026868+12:00:Started callback TCP Rpc server on port 32768
2021-06-11T13:16:02.4026917+12:00:Starting logger TCP Rpc server
2021-06-11T13:16:02.4064481+12:00:Asynchronously starting background TCP Rpc Server on port 32769
2021-06-11T13:16:02.4064852+12:00:Started logger TCP Rpc server on port 32769
2021-06-11T13:16:02.4991229+12:00:Executing test executor at 'dotnet' 'exec "C:\Users\Dell\Documents\VB Feb 2021\SpecflowTask\SkillSwapSpecFlow\SkillSwapSpecFlow\bin\Debug\netcoreapp3.1\SpecFlowPlusRunner\netcoreapp3.1\TechTalk.SpecRun.Framework.Executor.anycpu.netcoreapp3_1.dll" --remoteRunnerPid 18496 --uniqueId "2021-06-11T131601" --outputFolder "C:\Users\Dell\Documents\VB Feb 2021\SpecflowTask\SkillSwapSpecFlow\TestResults" --callbackPort 32768 --loggerPort 32769' in 'C:\Users\Dell\Documents\VB Feb 2021\SpecflowTask\SkillSwapSpecFlow\SkillSwapSpecFlow\bin\Debug\netcoreapp3.1'
2021-06-11T13:16:02.5063067+12:00:Executor with PID 27272 has been started successfully.
2021-06-11T13:16:02.5107567+12:00:Out of Process Executor 27272 started
2021-06-11T13:16:02.5107885+12:00:Waiting for endpoint
2021-06-11T13:16:02.8667277+12:00:Assembly resolving Microsoft.VisualStudio.Threading, Version=15.3.0.0, Culture=neutral, PublicKeyToken=b03f5f7f11d50a3a
2021-06-11T13:16:02.8668131+12:00:[AssemblyCache] Trying to resolve 'Microsoft.VisualStudio.Threading' from .deps.json file
2021-06-11T13:16:02.8668232+12:00:[AssemblyCache] Could not resolve 'Microsoft.VisualStudio.Threading' from .deps.json
2021-06-11T13:16:02.8668318+12:00:[AssemblyCache] Trying to resolve 'Microsoft.VisualStudio.Threading' in folder 'C:\Users\Dell\Documents\VB Feb 2021\SpecflowTask\SkillSwapSpecFlow\SkillSwapSpecFlow\bin\Debug\netcoreapp3.1'
2021-06-11T13:16:02.8668349+12:00:[AssemblyCache] Trying to resolve 'Microsoft.VisualStudio.Threading' to 'C:\Users\Dell\Documents\VB Feb 2021\SpecflowTask\SkillSwapSpecFlow\SkillSwapSpecFlow\bin\Debug\netcoreapp3.1\Microsoft.VisualStudio.Threading.dll'
2021-06-11T13:16:02.8669006+12:00:[AssemblyCache] Trying to resolve 'Microsoft.VisualStudio.Threading' to 'C:\Users\Dell\Documents\VB Feb 2021\SpecflowTask\SkillSwapSpecFlow\SkillSwapSpecFlow\bin\Debug\netcoreapp3.1\Microsoft.VisualStudio.Threading.exe'
2021-06-11T13:16:02.8669423+12:00:[AssemblyCache] Could not resolve 'Microsoft.VisualStudio.Threading' in folder 'C:\Users\Dell\Documents\VB Feb 2021\SpecflowTask\SkillSwapSpecFlow\SkillSwapSpecFlow\bin\Debug\netcoreapp3.1'
2021-06-11T13:16:02.8669535+12:00:TargetFramework: .NETCoreApp,Version=v3.1
2021-06-11T13:16:02.8670497+12:00:Tfm: netcoreapp3.1
2021-06-11T13:16:02.8670638+12:00:[AssemblyCache] Trying to resolve 'Microsoft.VisualStudio.Threading' in folder 'C:\Users\Dell\Documents\VB Feb 2021\SpecflowTask\SkillSwapSpecFlow\SkillSwapSpecFlow\bin\Debug\netcoreapp3.1\SpecFlowPlusRunner\netcoreapp3.1'
2021-06-11T13:16:02.8670668+12:00:[AssemblyCache] Trying to resolve 'Microsoft.VisualStudio.Threading' to 'C:\Users\Dell\Documents\VB Feb 2021\SpecflowTask\SkillSwapSpecFlow\SkillSwapSpecFlow\bin\Debug\netcoreapp3.1\SpecFlowPlusRunner\netcoreapp3.1\Microsoft.VisualStudio.Threading.dll'
2021-06-11T13:16:02.8671516+12:00:[AssemblyCache] Found file 'C:\Users\Dell\Documents\VB Feb 2021\SpecflowTask\SkillSwapSpecFlow\SkillSwapSpecFlow\bin\Debug\netcoreapp3.1\SpecFlowPlusRunner\netcoreapp3.1\Microsoft.VisualStudio.Threading.dll' for assembly 'Microsoft.VisualStudio.Threading'
2021-06-11T13:16:02.8676747+12:00:[AssemblyCache] Resolved 'Microsoft.VisualStudio.Threading' to C:\Users\Dell\Documents\VB Feb 2021\SpecflowTask\SkillSwapSpecFlow\SkillSwapSpecFlow\bin\Debug\netcoreapp3.1\SpecFlowPlusRunner\netcoreapp3.1\Microsoft.VisualStudio.Threading.dll
2021-06-11T13:16:03.1308855+12:00:Remote executor port received: 32770
2021-06-11T13:16:03.1313408+12:00:Creating executor TCP client on port 32770
2021-06-11T13:16:03.1320005+12:00:Created executor TCP client on port 32770
2021-06-11T13:16:03.1320176+12:00:Connecting to remote executor TCP server
2021-06-11T13:16:03.1331743+12:00:Connected remote executor TCP server
2021-06-11T13:16:03.1334635+12:00:trying to connect to Out of Process Executor the 1 attempt
2021-06-11T13:16:03.1334793+12:00:Connection to Out of Process Executor established in the 1 attempt
2021-06-11T13:16:03.3138970+12:00:2021-06-11T13:16:03.3122648+12:00:OutOfProcessTestAssemblyExecutor: initialized for C:\Users\Dell\Documents\VB Feb 2021\SpecflowTask\SkillSwapSpecFlow\SkillSwapSpecFlow\bin\Debug\netcoreapp3.1\SkillSwapSpecFlow.dll on test thread #0
2021-06-11T13:16:03.3207628+12:00:Endpoint 27272 started
2021-06-11T13:16:03.3414531+12:00:2021-06-11T13:16:03.3410553+12:00:OutOfProcessTestAssemblyExecutor: running tests...
2021-06-11T13:16:03.5072797+12:00:2021-06-11T13:16:03.5068023+12:00:Assembly resolving TechTalk.SpecFlow, Version=3.8.0.0, Culture=neutral, PublicKeyToken=0778194805d6db41
2021-06-11T13:16:03.5111992+12:00:2021-06-11T13:16:03.5107874+12:00:[AssemblyCache] Trying to resolve 'TechTalk.SpecFlow' from .deps.json file
2021-06-11T13:16:03.5162300+12:00:2021-06-11T13:16:03.5157401+12:00:[AssemblyCache] Resolved 'TechTalk.SpecFlow' to 'C:\Users\Dell\.nuget\packages\specflow\3.8.7\lib\netstandard2.0\TechTalk.SpecFlow.dll'
2021-06-11T13:16:03.6442858+12:00:2021-06-11T13:16:03.6431199+12:00:Thread#0:T:-> Loading plugin C:\Users\Dell\Documents\VB Feb 2021\SpecflowTask\SkillSwapSpecFlow\SkillSwapSpecFlow\bin\Debug\netcoreapp3.1\SkillSwapSpecFlow.dll
2021-06-11T13:16:03.6471138+12:00:2021-06-11T13:16:03.6459894+12:00:Assembly resolving Microsoft.Extensions.DependencyModel, Version=1.0.1.0, Culture=neutral, PublicKeyToken=adb9793829ddae60
2021-06-11T13:16:03.6489654+12:00:2021-06-11T13:16:03.6479666+12:00:[AssemblyCache] Trying to resolve 'Microsoft.Extensions.DependencyModel' from .deps.json file
2021-06-11T13:16:03.6518319+12:00:2021-06-11T13:16:03.6504142+12:00:[AssemblyCache] Resolved 'Microsoft.Extensions.DependencyModel' to 'C:\Users\Dell\.nuget\packages\microsoft.extensions.dependencymodel\1.0.3\lib\netstandard1.6\Microsoft.Extensions.DependencyModel.dll'
2021-06-11T13:16:03.7050983+12:00:2021-06-11T13:16:03.7041479+12:00:Assembly resolving Microsoft.DotNet.PlatformAbstractions, Version=1.0.1.0, Culture=neutral, PublicKeyToken=adb9793829ddae60
2021-06-11T13:16:03.7058002+12:00:2021-06-11T13:16:03.7055724+12:00:[AssemblyCache] Trying to resolve 'Microsoft.DotNet.PlatformAbstractions' from .deps.json file
2021-06-11T13:16:03.7063911+12:00:2021-06-11T13:16:03.7061306+12:00:[AssemblyCache] Resolved 'Microsoft.DotNet.PlatformAbstractions' to 'C:\Users\Dell\.nuget\packages\microsoft.dotnet.platformabstractions\1.0.3\lib\netstandard1.3\Microsoft.DotNet.PlatformAbstractions.dll'
2021-06-11T13:16:03.7151585+12:00:2021-06-11T13:16:03.7147057+12:00:Thread#0:T:-> Missing [assembly:RuntimePlugin] attribute in SkillSwapSpecFlow, Version=1.0.0.0, Culture=neutral, PublicKeyToken=null. Please check https://go.specflow.org/doc-plugins for details.
2021-06-11T13:16:03.7159163+12:00:2021-06-11T13:16:03.7155734+12:00:Thread#0:T:-> Loading plugin C:\Users\Dell\Documents\VB Feb 2021\SpecflowTask\SkillSwapSpecFlow\SkillSwapSpecFlow\bin\Debug\netcoreapp3.1\LivingDoc.SpecFlowPlugin.dll
2021-06-11T13:16:03.7193879+12:00:2021-06-11T13:16:03.7189297+12:00:Assembly resolving LivingDoc.Dtos, Version=3.8.0.0, Culture=neutral, PublicKeyToken=null
2021-06-11T13:16:03.7199858+12:00:2021-06-11T13:16:03.7196864+12:00:[AssemblyCache] Trying to resolve 'LivingDoc.Dtos' from .deps.json file
2021-06-11T13:16:03.7206733+12:00:2021-06-11T13:16:03.7204509+12:00:[AssemblyCache] Resolved 'LivingDoc.Dtos' to 'C:\Users\Dell\.nuget\packages\specflow.plus.livingdocplugin\3.8.35\lib\netstandard2.0\LivingDoc.Dtos.dll'
2021-06-11T13:16:03.7235737+12:00:2021-06-11T13:16:03.7232042+12:00:Thread#0:T:-> Loading plugin C:\Users\Dell\Documents\VB Feb 2021\SpecflowTask\SkillSwapSpecFlow\SkillSwapSpecFlow\bin\Debug\netcoreapp3.1\SpecRun.Runtime.SpecFlowPlugin.dll
2021-06-11T13:16:03.7342475+12:00:2021-06-11T13:16:03.7337540+12:00:Thread#0:T:-> Using default config
2021-06-11T13:16:03.7473239+12:00:2021-06-11T13:16:03.7468784+12:00:Assembly resolving Cucumber.Messages, Version=6.0.1.0, Culture=neutral, PublicKeyToken=b10c5988214f940c
2021-06-11T13:16:03.7544995+12:00:2021-06-11T13:16:03.7540360+12:00:[AssemblyCache] Trying to resolve 'Cucumber.Messages' from .deps.json file
2021-06-11T13:16:03.7552578+12:00:2021-06-11T13:16:03.7549376+12:00:[AssemblyCache] Resolved 'Cucumber.Messages' to 'C:\Users\Dell\.nuget\packages\cucumber.messages\6.0.1\lib\netstandard2.0\Cucumber.Messages.dll'
2021-06-11T13:16:03.7570195+12:00:2021-06-11T13:16:03.7566499+12:00:Assembly resolving Google.Protobuf, Version=3.7.0.0, Culture=neutral, PublicKeyToken=a7d26565bac4d604
2021-06-11T13:16:03.7574636+12:00:2021-06-11T13:16:03.7572566+12:00:[AssemblyCache] Trying to resolve 'Google.Protobuf' from .deps.json file
2021-06-11T13:16:03.7581094+12:00:2021-06-11T13:16:03.7578625+12:00:[AssemblyCache] Resolved 'Google.Protobuf' to 'C:\Users\Dell\.nuget\packages\google.protobuf\3.7.0\lib\netstandard1.0\Google.Protobuf.dll'
2021-06-11T13:16:03.7649575+12:00:2021-06-11T13:16:03.7645824+12:00:Assembly resolving Microsoft.VisualStudio.TestPlatform.ObjectModel, Version=15.0.0.0, Culture=neutral, PublicKeyToken=b03f5f7f11d50a3a
2021-06-11T13:16:03.7661458+12:00:2021-06-11T13:16:03.7652552+12:00:[AssemblyCache] Trying to resolve 'Microsoft.VisualStudio.TestPlatform.ObjectModel' from .deps.json file
2021-06-11T13:16:03.7672166+12:00:2021-06-11T13:16:03.7667926+12:00:[AssemblyCache] Resolved 'Microsoft.VisualStudio.TestPlatform.ObjectModel' to 'C:\Users\Dell\.nuget\packages\microsoft.testplatform.objectmodel\16.10.0\lib\netcoreapp2.1\Microsoft.VisualStudio.TestPlatform.ObjectModel.dll'
2021-06-11T13:16:03.8142342+12:00:2021-06-11T13:16:03.8137807+12:00:Assembly resolving Utf8Json, Version=1.3.7.0, Culture=neutral, PublicKeyToken=8a73d3ba7e392e27
2021-06-11T13:16:03.8148521+12:00:2021-06-11T13:16:03.8145682+12:00:[AssemblyCache] Trying to resolve 'Utf8Json' from .deps.json file
2021-06-11T13:16:03.8154676+12:00:2021-06-11T13:16:03.8152420+12:00:[AssemblyCache] Resolved 'Utf8Json' to 'C:\Users\Dell\.nuget\packages\utf8json\1.3.7\lib\netstandard2.0\Utf8Json.dll'
2021-06-11T13:16:04.0524486+12:00:2021-06-11T13:16:04.0510892+12:00:Assembly resolving ExtentReports, Version=4.1.0.0, Culture=neutral, PublicKeyToken=null
2021-06-11T13:16:04.0543961+12:00:2021-06-11T13:16:04.0535388+12:00:[AssemblyCache] Trying to resolve 'ExtentReports' from .deps.json file
2021-06-11T13:16:04.0562128+12:00:2021-06-11T13:16:04.0554647+12:00:[AssemblyCache] Resolved 'ExtentReports' to 'C:\Users\Dell\.nuget\packages\extentreports\4.1.0\lib\netstandard2.0\ExtentReports.dll'
2021-06-11T13:16:04.1022039+12:00:2021-06-11T13:16:04.1005347+12:00:OutOfProcessTestAssemblyExecutor: RunTest error: System.ArgumentOutOfRangeException: Length cannot be less than zero. (Parameter 'length')
   at System.String.Substring(Int32 startIndex, Int32 length)
   at SkillSwapSpecFlow.Hooks.Hooks.Setup() in C:\Users\Dell\Documents\VB Feb 2021\SpecflowTask\SkillSwapSpecFlow\SkillSwapSpecFlow\Hooks\Hooks.cs:line 24
   at TechTalk.SpecFlow.Infrastructure.TestExecutionEngine.FireEvents(HookType hookType) in D:\a\1\s\TechTalk.SpecFlow\Infrastructure\TestExecutionEngine.cs:line 404
   at TechTalk.SpecFlow.Infrastructure.TestExecutionEngine.OnTestRunStart() in D:\a\1\s\TechTalk.SpecFlow\Infrastructure\TestExecutionEngine.cs:line 137
   at TechTalk.SpecRun.SpecFlowPlugin.Runtime.RunnerTestExecutionEngine.OnTestRunStart()
   at TechTalk.SpecFlow.TestRunner.OnTestRunStart() in D:\a\1\s\TechTalk.SpecFlow\TestRunner.cs:line 30
   at TechTalk.SpecFlow.TestRunnerManager.FireTestRunStart() in D:\a\1\s\TechTalk.SpecFlow\TestRunnerManager.cs:line 118
   at TechTalk.SpecFlow.TestRunnerManager.OnTestRunStart(Assembly testAssembly, IContainerBuilder containerBuilder) in D:\a\1\s\TechTalk.SpecFlow\TestRunnerManager.cs:line 236
   at SkillSwapSpecFlow_SpecFlowPlusRunnerAssemblyHooks.AssemblyInitialize() in C:\Users\Dell\Documents\VB Feb 2021\SpecflowTask\SkillSwapSpecFlow\SkillSwapSpecFlow\obj\Debug\netcoreapp3.1\SpecFlow.Plus.Runner.AssemblyHooks.cs:line 12
   at TechTalk.SpecRun.Framework.TaskExecutors.StaticOrInstanceMethodExecutor.ExecuteInternal(ITestThreadExecutionContext testThreadExecutionContext)
   at TechTalk.SpecRun.Framework.TaskExecutors.StaticOrInstanceMethodExecutor.Execute(ITestThreadExecutionContext testThreadExecutionContext)
   at TechTalk.SpecRun.Framework.TestAssemblyExecutor.RunAssemblyInitializeExecutors(ITestAssemblyExecutorsProvider testAssemblyExecutorsProvider, ITestThreadExecutionContext testThreadExecutionContext)
   at TechTalk.SpecRun.Framework.TestAssemblyExecutor.RunTests(ITestAssemblyExecutorState executorState, ITestAssemblyExecutorsProvider testAssemblyExecutorsProvider, ITestThreadExecutionContext testThreadExecutionContext)
   at TechTalk.SpecRun.Framework.TestAssemblyExecutor.RunTests(TestThreadState testThreadState)
   at TechTalk.SpecRun.Framework.Execution.InProcess.InProcAppDomainTestAssemblyExecutor.RunTests(TestThreadState testThreadState)
   at TechTalk.SpecRun.Framework.Execution.OutOfProcess.OutOfProcessTestAssemblyExecutor.RunTests(TestThreadState testThreadState)
2021-06-11T13:16:04.1036462+12:00:2021-06-11T13:16:04.1031540+12:00:OutOfProcessTestAssemblyExecutorReceiver - Error at RunTests - System.ArgumentOutOfRangeException: Length cannot be less than zero. (Parameter 'length')
   at System.String.Substring(Int32 startIndex, Int32 length)
   at SkillSwapSpecFlow.Hooks.Hooks.Setup() in C:\Users\Dell\Documents\VB Feb 2021\SpecflowTask\SkillSwapSpecFlow\SkillSwapSpecFlow\Hooks\Hooks.cs:line 24
   at TechTalk.SpecFlow.Infrastructure.TestExecutionEngine.FireEvents(HookType hookType) in D:\a\1\s\TechTalk.SpecFlow\Infrastructure\TestExecutionEngine.cs:line 404
   at TechTalk.SpecFlow.Infrastructure.TestExecutionEngine.OnTestRunStart() in D:\a\1\s\TechTalk.SpecFlow\Infrastructure\TestExecutionEngine.cs:line 137
   at TechTalk.SpecRun.SpecFlowPlugin.Runtime.RunnerTestExecutionEngine.OnTestRunStart()
   at TechTalk.SpecFlow.TestRunner.OnTestRunStart() in D:\a\1\s\TechTalk.SpecFlow\TestRunner.cs:line 30
   at TechTalk.SpecFlow.TestRunnerManager.FireTestRunStart() in D:\a\1\s\TechTalk.SpecFlow\TestRunnerManager.cs:line 118
   at TechTalk.SpecFlow.TestRunnerManager.OnTestRunStart(Assembly testAssembly, IContainerBuilder containerBuilder) in D:\a\1\s\TechTalk.SpecFlow\TestRunnerManager.cs:line 236
   at SkillSwapSpecFlow_SpecFlowPlusRunnerAssemblyHooks.AssemblyInitialize() in C:\Users\Dell\Documents\VB Feb 2021\SpecflowTask\SkillSwapSpecFlow\SkillSwapSpecFlow\obj\Debug\netcoreapp3.1\SpecFlow.Plus.Runner.AssemblyHooks.cs:line 12
   at TechTalk.SpecRun.Framework.TaskExecutors.StaticOrInstanceMethodExecutor.ExecuteInternal(ITestThreadExecutionContext testThreadExecutionContext)
   at TechTalk.SpecRun.Framework.TaskExecutors.StaticOrInstanceMethodExecutor.Execute(ITestThreadExecutionContext testThreadExecutionContext)
   at TechTalk.SpecRun.Framework.TestAssemblyExecutor.RunAssemblyInitializeExecutors(ITestAssemblyExecutorsProvider testAssemblyExecutorsProvider, ITestThreadExecutionContext testThreadExecutionContext)
   at TechTalk.SpecRun.Framework.TestAssemblyExecutor.RunTests(ITestAssemblyExecutorState executorState, ITestAssemblyExecutorsProvider testAssemblyExecutorsProvider, ITestThreadExecutionContext testThreadExecutionContext)
   at TechTalk.SpecRun.Framework.TestAssemblyExecutor.RunTests(TestThreadState testThreadState)
   at TechTalk.SpecRun.Framework.Execution.InProcess.InProcAppDomainTestAssemblyExecutor.RunTests(TestThreadState testThreadState)
   at TechTalk.SpecRun.Framework.Execution.OutOfProcess.OutOfProcessTestAssemblyExecutor.RunTests(TestThreadState testThreadState)
   at TechTalk.SpecRun.Framework.Execution.OutOfProcess.OutOfProcessTestAssemblyExecutorReceiver.RunTests(TestThreadState testThreadState)
2021-06-11T13:16:04.1364216+12:00:test thread #0 error: StreamJsonRpc.RemoteInvocationException: Length cannot be less than zero. (Parameter 'length')
   at StreamJsonRpc.JsonRpc.InvokeCoreAsync[TResult](Nullable`1 id, String targetName, IReadOnlyList`1 arguments, CancellationToken cancellationToken, Boolean isParameterObject)
   at TechTalk.SpecFlow.Plus.RPC.TcpRpcClient.Invoke[T](String methodName, Object[] parameters)
   at TechTalk.SpecFlow.Plus.RPC.AsyncHelper.RunSync[TResult](Func`1 func)
   at TechTalk.SpecRun.Framework.Execution.OutOfProc.StreamJsonRPC.OutOfProcessTestAssemblyExecutorClient.RunTests(TestThreadState testThreadState)
   at TechTalk.SpecRun.Framework.Execution.OutOfProc.StreamJsonRPC.RemoteExecutor.RunTests(TestThreadState testThreadState)
   at TechTalk.SpecRun.Framework.Execution.OutOfProc.StreamJsonRPC.OutOfProcessTestAssemblyExecutorHost.RunTests(TestThreadState testThreadState)
   at TechTalk.SpecRun.Framework.TestThread.RunNonEmptyTestSuite(CancellationToken cancellationToken, TestThreadState testThreadState)
   at TechTalk.SpecRun.Framework.TestThread.Run(ITestExecutionManager executionManagerForRun, CancellationToken cancellationToken)
   at TechTalk.SpecRun.Framework.AsyncTestThreadRunner.RunSync(TestExecutionManager executionManager, CancellationToken cancellationToken)
2021-06-11T13:16:04.1381831+12:00:test thread error: TechTalk.SpecRun.Framework.SpecRunException: At least one test thread aborted.
 ---> StreamJsonRpc.RemoteInvocationException: Length cannot be less than zero. (Parameter 'length')
   at StreamJsonRpc.JsonRpc.InvokeCoreAsync[TResult](Nullable`1 id, String targetName, IReadOnlyList`1 arguments, CancellationToken cancellationToken, Boolean isParameterObject)
   at TechTalk.SpecFlow.Plus.RPC.TcpRpcClient.Invoke[T](String methodName, Object[] parameters)
   at TechTalk.SpecFlow.Plus.RPC.AsyncHelper.RunSync[TResult](Func`1 func)
   at TechTalk.SpecRun.Framework.Execution.OutOfProc.StreamJsonRPC.OutOfProcessTestAssemblyExecutorClient.RunTests(TestThreadState testThreadState)
   at TechTalk.SpecRun.Framework.Execution.OutOfProc.StreamJsonRPC.RemoteExecutor.RunTests(TestThreadState testThreadState)
   at TechTalk.SpecRun.Framework.Execution.OutOfProc.StreamJsonRPC.OutOfProcessTestAssemblyExecutorHost.RunTests(TestThreadState testThreadState)
   at TechTalk.SpecRun.Framework.TestThread.RunNonEmptyTestSuite(CancellationToken cancellationToken, TestThreadState testThreadState)
   at TechTalk.SpecRun.Framework.TestThread.Run(ITestExecutionManager executionManagerForRun, CancellationToken cancellationToken)
   at TechTalk.SpecRun.Framework.AsyncTestThreadRunner.RunSync(TestExecutionManager executionManager, CancellationToken cancellationToken)
   --- End of inner exception stack trace ---
2021-06-11T13:16:04.1457578+12:00:Thread#-1: Test #4/0 is started on thread #-1
2021-06-11T13:16:04.1479111+12:00:Thread#-1: Test #4/0 is finished on thread #-1 as Skipped within 0.0007039 seconds
2021-06-11T13:16:04.1507899+12:00:Thread#-1:Scheduler: get next test for thread -1
2021-06-11T13:16:04.1508866+12:00:Thread#:Scheduler: at the end of normal test queue
2021-06-11T13:16:04.1508992+12:00:Thread#-1:Scheduler: enumerator for thread is at end
2021-06-11T13:16:04.2065957+12:00;Thread#12;Info;test run finished
2021-06-11T13:16:04.2068730+12:00;Thread#12;Info;publishing test results
2021-06-11T13:16:04.2071581+12:00;Thread#12;Info;Not publishing results.
2021-06-11T13:16:04.2072752+12:00;Thread#12;Info;test results published
2021-06-11T13:16:04.2073659+12:00;Thread#12;Info;generating reports
2021-06-11T13:16:04.3048760+12:00;Thread#12;Info;Starting external report generation process
2021-06-11T13:16:06.2587216+12:00;Thread#12;Info;Successfully generated reports.
2021-06-11T13:16:06.2618058+12:00;Thread#12;Info;Successfully generated reports
2021-06-11T13:16:06.2742573+12:00:Total: 1
2021-06-11T13:16:06.2771347+12:00:Succeeded: 0
2021-06-11T13:16:06.2775690+12:00:Ignored: 0
2021-06-11T13:16:06.2779666+12:00:Pending: 0
2021-06-11T13:16:06.2779804+12:00:Skipped: 1
2021-06-11T13:16:06.2783115+12:00:Failed: 0
2021-06-11T13:16:06.2829920+12:00;VSTestExecutionThread;Info;Adding attachments to VSTest
2021-06-11T13:16:06.2831332+12:00;VSTestExecutionThread;Info;adding Test Execution Report 'C:\Users\Dell\Documents\VB Feb 2021\SpecflowTask\SkillSwapSpecFlow\TestResults\Unnamed project__2021-06-11T131601.html'
========== End of log file ==========
