2021-06-11T00:17:07.7581432+12:00;VSTestExecutionThread;Info;SpecFlow+Runner execution started
2021-06-11T00:17:07.7584011+12:00;VSTestExecutionThread;Info;SpecFlow+Runner 3.8.12 in Framework netcore31 in x64 mode execution started
2021-06-11T00:17:07.7584071+12:00;VSTestExecutionThread;Info;TestAdapter Location: C:\Users\Dell\Documents\VB Feb 2021\SpecflowTask\SkillSwapSpecFlow\SkillSwapSpecFlow\bin\Debug\netcoreapp3.1\TechTalk.SpecRun.VisualStudio.TestAdapter.dll
2021-06-11T00:17:07.7604064+12:00;VSTestExecutionThread;Info;Current UserName: 'Dell', MachineName: 'DELL-PC'
2021-06-11T00:17:07.8066959+12:00;VSTestExecutionThread;Info;SpecRun: running tests in C:\Users\Dell\Documents\VB Feb 2021\SpecflowTask\SkillSwapSpecFlow\SkillSwapSpecFlow\bin\Debug\netcoreapp3.1\SkillSwapSpecFlow.dll
2021-06-11T00:17:07.8069722+12:00;VSTestExecutionThread;Info;Output folder configured to "C:\Users\Dell\Documents\VB Feb 2021\SpecflowTask\SkillSwapSpecFlow\TestResults" (default)
2021-06-11T00:17:07.8071009+12:00;VSTestExecutionThread;Info;Profile: 
2021-06-11T00:17:07.8692341+12:00;VSTestExecutionThread;Info;Log file path: C:\Users\Dell\Documents\VB Feb 2021\SpecflowTask\SkillSwapSpecFlow\TestResults\Unnamed project__2021-06-11T001707.log
2021-06-11T00:17:07.8761131+12:00;Thread#12;Info;Checking activation
2021-06-11T00:17:08.0155506+12:00;Thread#12;Info;Activated.
2021-06-11T00:17:08.0159947+12:00;Thread#12;Info;Activation check completed
2021-06-11T00:17:08.0161696+12:00;Thread#12;Info;Starting test run
2021-06-11T00:17:08.1412380+12:00;Thread#12;Info;Discovering target: Default
2021-06-11T00:17:08.1415639+12:00;Thread#12;Info;Discovering tests from assembly: C:\Users\Dell\Documents\VB Feb 2021\SpecflowTask\SkillSwapSpecFlow\SkillSwapSpecFlow\bin\Debug\netcoreapp3.1\SkillSwapSpecFlow.dll
2021-06-11T00:17:08.2893022+12:00;Thread#12;Info;Discovered tests from assembly: C:\Users\Dell\Documents\VB Feb 2021\SpecflowTask\SkillSwapSpecFlow\SkillSwapSpecFlow\bin\Debug\netcoreapp3.1\SkillSwapSpecFlow.dll
2021-06-11T00:17:08.2910560+12:00:Test Suite Dump
2021-06-11T00:17:08.2933690+12:00:#0: Unnamed project/ - 
2021-06-11T00:17:08.2934105+12:00:#1: Default - 
2021-06-11T00:17:08.2934190+12:00:#2: SkillSwapSpecFlow - 
2021-06-11T00:17:08.2934240+12:00:#3: Add Profile details - 
2021-06-11T00:17:08.2951698+12:00:#4: Add Description on Profile Page - TestAssembly:SkillSwapSpecFlow/Feature:Add+Profile+details/Scenario:Add+Description+on+Profile+Page
2021-06-11T00:17:08.2953394+12:00:End: Test Suite Dump
2021-06-11T00:17:08.3242819+12:00:Thread#0:Scheduler: get next test for thread 0
2021-06-11T00:17:08.3273040+12:00:Thread#:Scheduler: testitem #4 from normal test queue 
2021-06-11T00:17:08.3274613+12:00:Thread#0:Scheduler: considering testitem #4 for thread 0
2021-06-11T00:17:08.3320603+12:00:Thread#0:TestItem#4:testItemMatchesCurrentTestThread:UnSpecific
2021-06-11T00:17:08.3320823+12:00:Thread#0:TestItem#4:runsOnOneOtherThreadSpecific:False
2021-06-11T00:17:08.3321114+12:00:Thread#0:TestItem#4:runsOnOneOtherThreadUnspecific:False
2021-06-11T00:17:08.3321166+12:00:Thread#0:Scheduler: using testitem #4 for thread 0
2021-06-11T00:17:08.3331930+12:00:Thread#0:Scheduler: Test #4 is scheduled for thread
2021-06-11T00:17:08.3357531+12:00:Thread#0:Scheduler: with testItemExecutionIndex 0
2021-06-11T00:17:08.3392137+12:00:Thread #0: creating new test thread executor for SkillSwapSpecFlow, Version=1.0.0.0, Culture=neutral, PublicKeyToken=null (target: Default)
2021-06-11T00:17:08.3429590+12:00:Thread #0: Creating test assembly executor for execution model OutProc
2021-06-11T00:17:08.3432485+12:00:Thread #0: Creating test assembly executor for execution model OutProc
2021-06-11T00:17:08.3466292+12:00:Thread #0: using TechTalk.SpecRun.Framework.Execution.OutOfProc.StreamJsonRPC.OutOfProcessTestAssemblyExecutorHost to execute tests
2021-06-11T00:17:08.3492287+12:00:starting Out Of Process Executor
2021-06-11T00:17:08.3519256+12:00:Assembly resolving Microsoft.VisualStudio.Validation, Version=15.3.0.0, Culture=neutral, PublicKeyToken=b03f5f7f11d50a3a
2021-06-11T00:17:08.3562344+12:00:[AssemblyCache] Trying to resolve 'Microsoft.VisualStudio.Validation' from .deps.json file
2021-06-11T00:17:08.3562652+12:00:[AssemblyCache] Could not resolve 'Microsoft.VisualStudio.Validation' from .deps.json
2021-06-11T00:17:08.3579723+12:00:[AssemblyCache] Trying to resolve 'Microsoft.VisualStudio.Validation' in folder 'C:\Users\Dell\Documents\VB Feb 2021\SpecflowTask\SkillSwapSpecFlow\SkillSwapSpecFlow\bin\Debug\netcoreapp3.1'
2021-06-11T00:17:08.3585356+12:00:[AssemblyCache] Trying to resolve 'Microsoft.VisualStudio.Validation' to 'C:\Users\Dell\Documents\VB Feb 2021\SpecflowTask\SkillSwapSpecFlow\SkillSwapSpecFlow\bin\Debug\netcoreapp3.1\Microsoft.VisualStudio.Validation.dll'
2021-06-11T00:17:08.3586448+12:00:[AssemblyCache] Trying to resolve 'Microsoft.VisualStudio.Validation' to 'C:\Users\Dell\Documents\VB Feb 2021\SpecflowTask\SkillSwapSpecFlow\SkillSwapSpecFlow\bin\Debug\netcoreapp3.1\Microsoft.VisualStudio.Validation.exe'
2021-06-11T00:17:08.3587084+12:00:[AssemblyCache] Could not resolve 'Microsoft.VisualStudio.Validation' in folder 'C:\Users\Dell\Documents\VB Feb 2021\SpecflowTask\SkillSwapSpecFlow\SkillSwapSpecFlow\bin\Debug\netcoreapp3.1'
2021-06-11T00:17:08.3589891+12:00:TargetFramework: .NETCoreApp,Version=v3.1
2021-06-11T00:17:08.3596851+12:00:Tfm: netcoreapp3.1
2021-06-11T00:17:08.3597025+12:00:[AssemblyCache] Trying to resolve 'Microsoft.VisualStudio.Validation' in folder 'C:\Users\Dell\Documents\VB Feb 2021\SpecflowTask\SkillSwapSpecFlow\SkillSwapSpecFlow\bin\Debug\netcoreapp3.1\SpecFlowPlusRunner\netcoreapp3.1'
2021-06-11T00:17:08.3597065+12:00:[AssemblyCache] Trying to resolve 'Microsoft.VisualStudio.Validation' to 'C:\Users\Dell\Documents\VB Feb 2021\SpecflowTask\SkillSwapSpecFlow\SkillSwapSpecFlow\bin\Debug\netcoreapp3.1\SpecFlowPlusRunner\netcoreapp3.1\Microsoft.VisualStudio.Validation.dll'
2021-06-11T00:17:08.3597953+12:00:[AssemblyCache] Found file 'C:\Users\Dell\Documents\VB Feb 2021\SpecflowTask\SkillSwapSpecFlow\SkillSwapSpecFlow\bin\Debug\netcoreapp3.1\SpecFlowPlusRunner\netcoreapp3.1\Microsoft.VisualStudio.Validation.dll' for assembly 'Microsoft.VisualStudio.Validation'
2021-06-11T00:17:08.3602467+12:00:[AssemblyCache] Resolved 'Microsoft.VisualStudio.Validation' to C:\Users\Dell\Documents\VB Feb 2021\SpecflowTask\SkillSwapSpecFlow\SkillSwapSpecFlow\bin\Debug\netcoreapp3.1\SpecFlowPlusRunner\netcoreapp3.1\Microsoft.VisualStudio.Validation.dll
2021-06-11T00:17:08.3610291+12:00:Starting callback TCP Rpc server
2021-06-11T00:17:08.3859775+12:00:Asynchronously starting background TCP Rpc Server on port 32768
2021-06-11T00:17:08.3860622+12:00:Started callback TCP Rpc server on port 32768
2021-06-11T00:17:08.3860721+12:00:Starting logger TCP Rpc server
2021-06-11T00:17:08.3898668+12:00:Asynchronously starting background TCP Rpc Server on port 32769
2021-06-11T00:17:08.3899062+12:00:Started logger TCP Rpc server on port 32769
2021-06-11T00:17:08.5219102+12:00:Executing test executor at 'dotnet' 'exec "C:\Users\Dell\Documents\VB Feb 2021\SpecflowTask\SkillSwapSpecFlow\SkillSwapSpecFlow\bin\Debug\netcoreapp3.1\SpecFlowPlusRunner\netcoreapp3.1\TechTalk.SpecRun.Framework.Executor.anycpu.netcoreapp3_1.dll" --remoteRunnerPid 31292 --uniqueId "2021-06-11T001707" --outputFolder "C:\Users\Dell\Documents\VB Feb 2021\SpecflowTask\SkillSwapSpecFlow\TestResults" --callbackPort 32768 --loggerPort 32769' in 'C:\Users\Dell\Documents\VB Feb 2021\SpecflowTask\SkillSwapSpecFlow\SkillSwapSpecFlow\bin\Debug\netcoreapp3.1'
2021-06-11T00:17:08.5305959+12:00:Executor with PID 15044 has been started successfully.
2021-06-11T00:17:08.5359916+12:00:Out of Process Executor 15044 started
2021-06-11T00:17:08.5360189+12:00:Waiting for endpoint
2021-06-11T00:17:08.9965602+12:00:Assembly resolving Microsoft.VisualStudio.Threading, Version=15.3.0.0, Culture=neutral, PublicKeyToken=b03f5f7f11d50a3a
2021-06-11T00:17:08.9966918+12:00:[AssemblyCache] Trying to resolve 'Microsoft.VisualStudio.Threading' from .deps.json file
2021-06-11T00:17:08.9967106+12:00:[AssemblyCache] Could not resolve 'Microsoft.VisualStudio.Threading' from .deps.json
2021-06-11T00:17:08.9967751+12:00:[AssemblyCache] Trying to resolve 'Microsoft.VisualStudio.Threading' in folder 'C:\Users\Dell\Documents\VB Feb 2021\SpecflowTask\SkillSwapSpecFlow\SkillSwapSpecFlow\bin\Debug\netcoreapp3.1'
2021-06-11T00:17:08.9967919+12:00:[AssemblyCache] Trying to resolve 'Microsoft.VisualStudio.Threading' to 'C:\Users\Dell\Documents\VB Feb 2021\SpecflowTask\SkillSwapSpecFlow\SkillSwapSpecFlow\bin\Debug\netcoreapp3.1\Microsoft.VisualStudio.Threading.dll'
2021-06-11T00:17:08.9969439+12:00:[AssemblyCache] Trying to resolve 'Microsoft.VisualStudio.Threading' to 'C:\Users\Dell\Documents\VB Feb 2021\SpecflowTask\SkillSwapSpecFlow\SkillSwapSpecFlow\bin\Debug\netcoreapp3.1\Microsoft.VisualStudio.Threading.exe'
2021-06-11T00:17:08.9970152+12:00:[AssemblyCache] Could not resolve 'Microsoft.VisualStudio.Threading' in folder 'C:\Users\Dell\Documents\VB Feb 2021\SpecflowTask\SkillSwapSpecFlow\SkillSwapSpecFlow\bin\Debug\netcoreapp3.1'
2021-06-11T00:17:08.9970500+12:00:TargetFramework: .NETCoreApp,Version=v3.1
2021-06-11T00:17:08.9971610+12:00:Tfm: netcoreapp3.1
2021-06-11T00:17:08.9971936+12:00:[AssemblyCache] Trying to resolve 'Microsoft.VisualStudio.Threading' in folder 'C:\Users\Dell\Documents\VB Feb 2021\SpecflowTask\SkillSwapSpecFlow\SkillSwapSpecFlow\bin\Debug\netcoreapp3.1\SpecFlowPlusRunner\netcoreapp3.1'
2021-06-11T00:17:08.9972006+12:00:[AssemblyCache] Trying to resolve 'Microsoft.VisualStudio.Threading' to 'C:\Users\Dell\Documents\VB Feb 2021\SpecflowTask\SkillSwapSpecFlow\SkillSwapSpecFlow\bin\Debug\netcoreapp3.1\SpecFlowPlusRunner\netcoreapp3.1\Microsoft.VisualStudio.Threading.dll'
2021-06-11T00:17:08.9973533+12:00:[AssemblyCache] Found file 'C:\Users\Dell\Documents\VB Feb 2021\SpecflowTask\SkillSwapSpecFlow\SkillSwapSpecFlow\bin\Debug\netcoreapp3.1\SpecFlowPlusRunner\netcoreapp3.1\Microsoft.VisualStudio.Threading.dll' for assembly 'Microsoft.VisualStudio.Threading'
2021-06-11T00:17:08.9981592+12:00:[AssemblyCache] Resolved 'Microsoft.VisualStudio.Threading' to C:\Users\Dell\Documents\VB Feb 2021\SpecflowTask\SkillSwapSpecFlow\SkillSwapSpecFlow\bin\Debug\netcoreapp3.1\SpecFlowPlusRunner\netcoreapp3.1\Microsoft.VisualStudio.Threading.dll
2021-06-11T00:17:09.3251643+12:00:Remote executor port received: 32770
2021-06-11T00:17:09.3256387+12:00:Creating executor TCP client on port 32770
2021-06-11T00:17:09.3262410+12:00:Created executor TCP client on port 32770
2021-06-11T00:17:09.3262555+12:00:Connecting to remote executor TCP server
2021-06-11T00:17:09.3274899+12:00:Connected remote executor TCP server
2021-06-11T00:17:09.3278634+12:00:trying to connect to Out of Process Executor the 1 attempt
2021-06-11T00:17:09.3278950+12:00:Connection to Out of Process Executor established in the 1 attempt
2021-06-11T00:17:09.5407394+12:00:2021-06-11T00:17:09.5392733+12:00:OutOfProcessTestAssemblyExecutor: initialized for C:\Users\Dell\Documents\VB Feb 2021\SpecflowTask\SkillSwapSpecFlow\SkillSwapSpecFlow\bin\Debug\netcoreapp3.1\SkillSwapSpecFlow.dll on test thread #0
2021-06-11T00:17:09.5489346+12:00:Endpoint 15044 started
2021-06-11T00:17:09.5735614+12:00:2021-06-11T00:17:09.5731348+12:00:OutOfProcessTestAssemblyExecutor: running tests...
2021-06-11T00:17:09.7336531+12:00:2021-06-11T00:17:09.7332038+12:00:Assembly resolving TechTalk.SpecFlow, Version=3.8.0.0, Culture=neutral, PublicKeyToken=0778194805d6db41
2021-06-11T00:17:09.7375112+12:00:2021-06-11T00:17:09.7371082+12:00:[AssemblyCache] Trying to resolve 'TechTalk.SpecFlow' from .deps.json file
2021-06-11T00:17:09.7423221+12:00:2021-06-11T00:17:09.7418484+12:00:[AssemblyCache] Resolved 'TechTalk.SpecFlow' to 'C:\Users\Dell\.nuget\packages\specflow\3.8.7\lib\netstandard2.0\TechTalk.SpecFlow.dll'
2021-06-11T00:17:09.8920130+12:00:2021-06-11T00:17:09.8905798+12:00:Thread#0:T:-> Loading plugin C:\Users\Dell\Documents\VB Feb 2021\SpecflowTask\SkillSwapSpecFlow\SkillSwapSpecFlow\bin\Debug\netcoreapp3.1\SkillSwapSpecFlow.dll
2021-06-11T00:17:09.8953741+12:00:2021-06-11T00:17:09.8940587+12:00:Assembly resolving Microsoft.Extensions.DependencyModel, Version=1.0.1.0, Culture=neutral, PublicKeyToken=adb9793829ddae60
2021-06-11T00:17:09.8976234+12:00:2021-06-11T00:17:09.8964601+12:00:[AssemblyCache] Trying to resolve 'Microsoft.Extensions.DependencyModel' from .deps.json file
2021-06-11T00:17:09.9003705+12:00:2021-06-11T00:17:09.8990483+12:00:[AssemblyCache] Resolved 'Microsoft.Extensions.DependencyModel' to 'C:\Users\Dell\.nuget\packages\microsoft.extensions.dependencymodel\1.0.3\lib\netstandard1.6\Microsoft.Extensions.DependencyModel.dll'
2021-06-11T00:17:09.9711585+12:00:2021-06-11T00:17:09.9698219+12:00:Assembly resolving Microsoft.DotNet.PlatformAbstractions, Version=1.0.1.0, Culture=neutral, PublicKeyToken=adb9793829ddae60
2021-06-11T00:17:09.9722422+12:00:2021-06-11T00:17:09.9718605+12:00:[AssemblyCache] Trying to resolve 'Microsoft.DotNet.PlatformAbstractions' from .deps.json file
2021-06-11T00:17:09.9732636+12:00:2021-06-11T00:17:09.9727993+12:00:[AssemblyCache] Resolved 'Microsoft.DotNet.PlatformAbstractions' to 'C:\Users\Dell\.nuget\packages\microsoft.dotnet.platformabstractions\1.0.3\lib\netstandard1.3\Microsoft.DotNet.PlatformAbstractions.dll'
2021-06-11T00:17:09.9848261+12:00:2021-06-11T00:17:09.9843912+12:00:Thread#0:T:-> Missing [assembly:RuntimePlugin] attribute in SkillSwapSpecFlow, Version=1.0.0.0, Culture=neutral, PublicKeyToken=null. Please check https://go.specflow.org/doc-plugins for details.
2021-06-11T00:17:09.9855952+12:00:2021-06-11T00:17:09.9852245+12:00:Thread#0:T:-> Loading plugin C:\Users\Dell\Documents\VB Feb 2021\SpecflowTask\SkillSwapSpecFlow\SkillSwapSpecFlow\bin\Debug\netcoreapp3.1\LivingDoc.SpecFlowPlugin.dll
2021-06-11T00:17:09.9889161+12:00:2021-06-11T00:17:09.9884499+12:00:Assembly resolving LivingDoc.Dtos, Version=3.8.0.0, Culture=neutral, PublicKeyToken=null
2021-06-11T00:17:09.9896529+12:00:2021-06-11T00:17:09.9892810+12:00:[AssemblyCache] Trying to resolve 'LivingDoc.Dtos' from .deps.json file
2021-06-11T00:17:09.9906914+12:00:2021-06-11T00:17:09.9902475+12:00:[AssemblyCache] Resolved 'LivingDoc.Dtos' to 'C:\Users\Dell\.nuget\packages\specflow.plus.livingdocplugin\3.8.35\lib\netstandard2.0\LivingDoc.Dtos.dll'
2021-06-11T00:17:09.9940702+12:00:2021-06-11T00:17:09.9936243+12:00:Thread#0:T:-> Loading plugin C:\Users\Dell\Documents\VB Feb 2021\SpecflowTask\SkillSwapSpecFlow\SkillSwapSpecFlow\bin\Debug\netcoreapp3.1\SpecRun.Runtime.SpecFlowPlugin.dll
2021-06-11T00:17:10.0065418+12:00:2021-06-11T00:17:10.0059640+12:00:Thread#0:T:-> Using default config
2021-06-11T00:17:10.0197101+12:00:2021-06-11T00:17:10.0192644+12:00:Assembly resolving Cucumber.Messages, Version=6.0.1.0, Culture=neutral, PublicKeyToken=b10c5988214f940c
2021-06-11T00:17:10.0202673+12:00:2021-06-11T00:17:10.0200247+12:00:[AssemblyCache] Trying to resolve 'Cucumber.Messages' from .deps.json file
2021-06-11T00:17:10.0209770+12:00:2021-06-11T00:17:10.0206488+12:00:[AssemblyCache] Resolved 'Cucumber.Messages' to 'C:\Users\Dell\.nuget\packages\cucumber.messages\6.0.1\lib\netstandard2.0\Cucumber.Messages.dll'
2021-06-11T00:17:10.0230636+12:00:2021-06-11T00:17:10.0225949+12:00:Assembly resolving Google.Protobuf, Version=3.7.0.0, Culture=neutral, PublicKeyToken=a7d26565bac4d604
2021-06-11T00:17:10.0237464+12:00:2021-06-11T00:17:10.0234440+12:00:[AssemblyCache] Trying to resolve 'Google.Protobuf' from .deps.json file
2021-06-11T00:17:10.0244993+12:00:2021-06-11T00:17:10.0242016+12:00:[AssemblyCache] Resolved 'Google.Protobuf' to 'C:\Users\Dell\.nuget\packages\google.protobuf\3.7.0\lib\netstandard1.0\Google.Protobuf.dll'
2021-06-11T00:17:10.0333437+12:00:2021-06-11T00:17:10.0328970+12:00:Assembly resolving Microsoft.VisualStudio.TestPlatform.ObjectModel, Version=15.0.0.0, Culture=neutral, PublicKeyToken=b03f5f7f11d50a3a
2021-06-11T00:17:10.0405113+12:00:2021-06-11T00:17:10.0400216+12:00:[AssemblyCache] Trying to resolve 'Microsoft.VisualStudio.TestPlatform.ObjectModel' from .deps.json file
2021-06-11T00:17:10.0416017+12:00:2021-06-11T00:17:10.0412270+12:00:[AssemblyCache] Resolved 'Microsoft.VisualStudio.TestPlatform.ObjectModel' to 'C:\Users\Dell\.nuget\packages\microsoft.testplatform.objectmodel\16.10.0\lib\netcoreapp2.1\Microsoft.VisualStudio.TestPlatform.ObjectModel.dll'
2021-06-11T00:17:10.0826513+12:00:2021-06-11T00:17:10.0821231+12:00:Thread#0:T:-> error: The binding methods for before/after feature and before/after test run events must be static! SkillSwapSpecFlow:SkillSwapSpecFlow.Hooks.Hooks.Setup() (0.0s)
2021-06-11T00:17:10.1232530+12:00:2021-06-11T00:17:10.1223393+12:00:OutOfProcessTestAssemblyExecutor: RunTest error: TechTalk.SpecFlow.BindingException: The binding methods for before/after feature and before/after test run events must be static! SkillSwapSpecFlow:SkillSwapSpecFlow.Hooks.Hooks.Setup()
   at TechTalk.SpecFlow.ErrorHandling.ErrorProvider.GetNonStaticEventError(IBindingMethod method) in D:\a\1\s\TechTalk.SpecFlow\ErrorHandling\ErrorProvider.cs:line 128
   at TechTalk.SpecFlow.Bindings.Discovery.RuntimeBindingSourceProcessor.ValidateHook(BindingSourceMethod bindingSourceMethod, BindingSourceAttribute hookAttribute, HookType hookType) in D:\a\1\s\TechTalk.SpecFlow\Bindings\Discovery\RuntimeBindingSourceProcessor.cs:line 54
   at TechTalk.SpecFlow.Bindings.Discovery.BindingSourceProcessor.ProcessHookAttribute(BindingSourceMethod bindingSourceMethod, BindingSourceAttribute hookAttribute, BindingScope scope) in D:\a\1\s\TechTalk.SpecFlow\Bindings\Discovery\BindingSourceProcessor.cs:line 168
   at TechTalk.SpecFlow.Bindings.Discovery.BindingSourceProcessor.<>c__DisplayClass21_0.<ProcessHookAttribute>b__1(BindingScope scope) in D:\a\1\s\TechTalk.SpecFlow\Bindings\Discovery\BindingSourceProcessor.cs:line 149
   at TechTalk.SpecFlow.Bindings.Discovery.BindingSourceProcessor.ProcessHookAttribute(BindingSourceMethod bindingSourceMethod, BindingScope[] methodScopes, BindingSourceAttribute hookAttribute) in D:\a\1\s\TechTalk.SpecFlow\Bindings\Discovery\BindingSourceProcessor.cs:line 150
   at TechTalk.SpecFlow.Bindings.Discovery.BindingSourceProcessor.ProcessHooks(BindingSourceMethod bindingSourceMethod, BindingScope[] methodScopes) in D:\a\1\s\TechTalk.SpecFlow\Bindings\Discovery\BindingSourceProcessor.cs:line 121
   at TechTalk.SpecFlow.Bindings.Discovery.BindingSourceProcessor.ProcessMethod(BindingSourceMethod bindingSourceMethod) in D:\a\1\s\TechTalk.SpecFlow\Bindings\Discovery\BindingSourceProcessor.cs:line 108
   at TechTalk.SpecFlow.Bindings.Discovery.RuntimeBindingRegistryBuilder.BuildBindingsFromType(Type type) in D:\a\1\s\TechTalk.SpecFlow\Bindings\Discovery\RuntimeBindingRegistryBuilder.cs:line 49
   at TechTalk.SpecFlow.Bindings.Discovery.RuntimeBindingRegistryBuilder.BuildBindingsFromAssembly(Assembly assembly) in D:\a\1\s\TechTalk.SpecFlow\Bindings\Discovery\RuntimeBindingRegistryBuilder.cs:line 25
   at TechTalk.SpecFlow.TestRunnerManager.BuildBindingRegistry(IEnumerable`1 bindingAssemblies) in D:\a\1\s\TechTalk.SpecFlow\TestRunnerManager.cs:line 92
   at TechTalk.SpecFlow.TestRunnerManager.InitializeBindingRegistry(ITestRunner testRunner) in D:\a\1\s\TechTalk.SpecFlow\TestRunnerManager.cs:line 75
   at TechTalk.SpecFlow.TestRunnerManager.CreateTestRunner(Int32 threadId) in D:\a\1\s\TechTalk.SpecFlow\TestRunnerManager.cs:line 63
   at TechTalk.SpecFlow.TestRunnerManager.GetTestRunnerWithoutExceptionHandling(Int32 threadId) in D:\a\1\s\TechTalk.SpecFlow\TestRunnerManager.cs:line 155
   at TechTalk.SpecFlow.TestRunnerManager.GetTestRunner(Int32 threadId) in D:\a\1\s\TechTalk.SpecFlow\TestRunnerManager.cs:line 136
   at TechTalk.SpecFlow.TestRunnerManager.OnTestRunStart(Assembly testAssembly, IContainerBuilder containerBuilder) in D:\a\1\s\TechTalk.SpecFlow\TestRunnerManager.cs:line 232
   at SkillSwapSpecFlow_SpecFlowPlusRunnerAssemblyHooks.AssemblyInitialize() in C:\Users\Dell\Documents\VB Feb 2021\SpecflowTask\SkillSwapSpecFlow\SkillSwapSpecFlow\obj\Debug\netcoreapp3.1\SpecFlow.Plus.Runner.AssemblyHooks.cs:line 12
   at TechTalk.SpecRun.Framework.TaskExecutors.StaticOrInstanceMethodExecutor.ExecuteInternal(ITestThreadExecutionContext testThreadExecutionContext)
   at TechTalk.SpecRun.Framework.TaskExecutors.StaticOrInstanceMethodExecutor.Execute(ITestThreadExecutionContext testThreadExecutionContext)
   at TechTalk.SpecRun.Framework.TestAssemblyExecutor.RunAssemblyInitializeExecutors(ITestAssemblyExecutorsProvider testAssemblyExecutorsProvider, ITestThreadExecutionContext testThreadExecutionContext)
   at TechTalk.SpecRun.Framework.TestAssemblyExecutor.RunTests(ITestAssemblyExecutorState executorState, ITestAssemblyExecutorsProvider testAssemblyExecutorsProvider, ITestThreadExecutionContext testThreadExecutionContext)
   at TechTalk.SpecRun.Framework.TestAssemblyExecutor.RunTests(TestThreadState testThreadState)
   at TechTalk.SpecRun.Framework.Execution.InProcess.InProcAppDomainTestAssemblyExecutor.RunTests(TestThreadState testThreadState)
   at TechTalk.SpecRun.Framework.Execution.OutOfProcess.OutOfProcessTestAssemblyExecutor.RunTests(TestThreadState testThreadState)
2021-06-11T00:17:10.1244877+12:00:2021-06-11T00:17:10.1239665+12:00:OutOfProcessTestAssemblyExecutorReceiver - Error at RunTests - TechTalk.SpecFlow.BindingException: The binding methods for before/after feature and before/after test run events must be static! SkillSwapSpecFlow:SkillSwapSpecFlow.Hooks.Hooks.Setup()
   at TechTalk.SpecFlow.ErrorHandling.ErrorProvider.GetNonStaticEventError(IBindingMethod method) in D:\a\1\s\TechTalk.SpecFlow\ErrorHandling\ErrorProvider.cs:line 128
   at TechTalk.SpecFlow.Bindings.Discovery.RuntimeBindingSourceProcessor.ValidateHook(BindingSourceMethod bindingSourceMethod, BindingSourceAttribute hookAttribute, HookType hookType) in D:\a\1\s\TechTalk.SpecFlow\Bindings\Discovery\RuntimeBindingSourceProcessor.cs:line 54
   at TechTalk.SpecFlow.Bindings.Discovery.BindingSourceProcessor.ProcessHookAttribute(BindingSourceMethod bindingSourceMethod, BindingSourceAttribute hookAttribute, BindingScope scope) in D:\a\1\s\TechTalk.SpecFlow\Bindings\Discovery\BindingSourceProcessor.cs:line 168
   at TechTalk.SpecFlow.Bindings.Discovery.BindingSourceProcessor.<>c__DisplayClass21_0.<ProcessHookAttribute>b__1(BindingScope scope) in D:\a\1\s\TechTalk.SpecFlow\Bindings\Discovery\BindingSourceProcessor.cs:line 149
   at TechTalk.SpecFlow.Bindings.Discovery.BindingSourceProcessor.ProcessHookAttribute(BindingSourceMethod bindingSourceMethod, BindingScope[] methodScopes, BindingSourceAttribute hookAttribute) in D:\a\1\s\TechTalk.SpecFlow\Bindings\Discovery\BindingSourceProcessor.cs:line 150
   at TechTalk.SpecFlow.Bindings.Discovery.BindingSourceProcessor.ProcessHooks(BindingSourceMethod bindingSourceMethod, BindingScope[] methodScopes) in D:\a\1\s\TechTalk.SpecFlow\Bindings\Discovery\BindingSourceProcessor.cs:line 121
   at TechTalk.SpecFlow.Bindings.Discovery.BindingSourceProcessor.ProcessMethod(BindingSourceMethod bindingSourceMethod) in D:\a\1\s\TechTalk.SpecFlow\Bindings\Discovery\BindingSourceProcessor.cs:line 108
   at TechTalk.SpecFlow.Bindings.Discovery.RuntimeBindingRegistryBuilder.BuildBindingsFromType(Type type) in D:\a\1\s\TechTalk.SpecFlow\Bindings\Discovery\RuntimeBindingRegistryBuilder.cs:line 49
   at TechTalk.SpecFlow.Bindings.Discovery.RuntimeBindingRegistryBuilder.BuildBindingsFromAssembly(Assembly assembly) in D:\a\1\s\TechTalk.SpecFlow\Bindings\Discovery\RuntimeBindingRegistryBuilder.cs:line 25
   at TechTalk.SpecFlow.TestRunnerManager.BuildBindingRegistry(IEnumerable`1 bindingAssemblies) in D:\a\1\s\TechTalk.SpecFlow\TestRunnerManager.cs:line 92
   at TechTalk.SpecFlow.TestRunnerManager.InitializeBindingRegistry(ITestRunner testRunner) in D:\a\1\s\TechTalk.SpecFlow\TestRunnerManager.cs:line 75
   at TechTalk.SpecFlow.TestRunnerManager.CreateTestRunner(Int32 threadId) in D:\a\1\s\TechTalk.SpecFlow\TestRunnerManager.cs:line 63
   at TechTalk.SpecFlow.TestRunnerManager.GetTestRunnerWithoutExceptionHandling(Int32 threadId) in D:\a\1\s\TechTalk.SpecFlow\TestRunnerManager.cs:line 155
   at TechTalk.SpecFlow.TestRunnerManager.GetTestRunner(Int32 threadId) in D:\a\1\s\TechTalk.SpecFlow\TestRunnerManager.cs:line 136
   at TechTalk.SpecFlow.TestRunnerManager.OnTestRunStart(Assembly testAssembly, IContainerBuilder containerBuilder) in D:\a\1\s\TechTalk.SpecFlow\TestRunnerManager.cs:line 232
   at SkillSwapSpecFlow_SpecFlowPlusRunnerAssemblyHooks.AssemblyInitialize() in C:\Users\Dell\Documents\VB Feb 2021\SpecflowTask\SkillSwapSpecFlow\SkillSwapSpecFlow\obj\Debug\netcoreapp3.1\SpecFlow.Plus.Runner.AssemblyHooks.cs:line 12
   at TechTalk.SpecRun.Framework.TaskExecutors.StaticOrInstanceMethodExecutor.ExecuteInternal(ITestThreadExecutionContext testThreadExecutionContext)
   at TechTalk.SpecRun.Framework.TaskExecutors.StaticOrInstanceMethodExecutor.Execute(ITestThreadExecutionContext testThreadExecutionContext)
   at TechTalk.SpecRun.Framework.TestAssemblyExecutor.RunAssemblyInitializeExecutors(ITestAssemblyExecutorsProvider testAssemblyExecutorsProvider, ITestThreadExecutionContext testThreadExecutionContext)
   at TechTalk.SpecRun.Framework.TestAssemblyExecutor.RunTests(ITestAssemblyExecutorState executorState, ITestAssemblyExecutorsProvider testAssemblyExecutorsProvider, ITestThreadExecutionContext testThreadExecutionContext)
   at TechTalk.SpecRun.Framework.TestAssemblyExecutor.RunTests(TestThreadState testThreadState)
   at TechTalk.SpecRun.Framework.Execution.InProcess.InProcAppDomainTestAssemblyExecutor.RunTests(TestThreadState testThreadState)
   at TechTalk.SpecRun.Framework.Execution.OutOfProcess.OutOfProcessTestAssemblyExecutor.RunTests(TestThreadState testThreadState)
   at TechTalk.SpecRun.Framework.Execution.OutOfProcess.OutOfProcessTestAssemblyExecutorReceiver.RunTests(TestThreadState testThreadState)
2021-06-11T00:17:10.1593424+12:00:test thread #0 error: StreamJsonRpc.RemoteInvocationException: The binding methods for before/after feature and before/after test run events must be static! SkillSwapSpecFlow:SkillSwapSpecFlow.Hooks.Hooks.Setup()
   at StreamJsonRpc.JsonRpc.InvokeCoreAsync[TResult](Nullable`1 id, String targetName, IReadOnlyList`1 arguments, CancellationToken cancellationToken, Boolean isParameterObject)
   at TechTalk.SpecFlow.Plus.RPC.TcpRpcClient.Invoke[T](String methodName, Object[] parameters)
   at TechTalk.SpecFlow.Plus.RPC.AsyncHelper.RunSync[TResult](Func`1 func)
   at TechTalk.SpecRun.Framework.Execution.OutOfProc.StreamJsonRPC.OutOfProcessTestAssemblyExecutorClient.RunTests(TestThreadState testThreadState)
   at TechTalk.SpecRun.Framework.Execution.OutOfProc.StreamJsonRPC.RemoteExecutor.RunTests(TestThreadState testThreadState)
   at TechTalk.SpecRun.Framework.Execution.OutOfProc.StreamJsonRPC.OutOfProcessTestAssemblyExecutorHost.RunTests(TestThreadState testThreadState)
   at TechTalk.SpecRun.Framework.TestThread.RunNonEmptyTestSuite(CancellationToken cancellationToken, TestThreadState testThreadState)
   at TechTalk.SpecRun.Framework.TestThread.Run(ITestExecutionManager executionManagerForRun, CancellationToken cancellationToken)
   at TechTalk.SpecRun.Framework.AsyncTestThreadRunner.RunSync(TestExecutionManager executionManager, CancellationToken cancellationToken)
2021-06-11T00:17:10.1615654+12:00:test thread error: TechTalk.SpecRun.Framework.SpecRunException: At least one test thread aborted.
 ---> StreamJsonRpc.RemoteInvocationException: The binding methods for before/after feature and before/after test run events must be static! SkillSwapSpecFlow:SkillSwapSpecFlow.Hooks.Hooks.Setup()
   at StreamJsonRpc.JsonRpc.InvokeCoreAsync[TResult](Nullable`1 id, String targetName, IReadOnlyList`1 arguments, CancellationToken cancellationToken, Boolean isParameterObject)
   at TechTalk.SpecFlow.Plus.RPC.TcpRpcClient.Invoke[T](String methodName, Object[] parameters)
   at TechTalk.SpecFlow.Plus.RPC.AsyncHelper.RunSync[TResult](Func`1 func)
   at TechTalk.SpecRun.Framework.Execution.OutOfProc.StreamJsonRPC.OutOfProcessTestAssemblyExecutorClient.RunTests(TestThreadState testThreadState)
   at TechTalk.SpecRun.Framework.Execution.OutOfProc.StreamJsonRPC.RemoteExecutor.RunTests(TestThreadState testThreadState)
   at TechTalk.SpecRun.Framework.Execution.OutOfProc.StreamJsonRPC.OutOfProcessTestAssemblyExecutorHost.RunTests(TestThreadState testThreadState)
   at TechTalk.SpecRun.Framework.TestThread.RunNonEmptyTestSuite(CancellationToken cancellationToken, TestThreadState testThreadState)
   at TechTalk.SpecRun.Framework.TestThread.Run(ITestExecutionManager executionManagerForRun, CancellationToken cancellationToken)
   at TechTalk.SpecRun.Framework.AsyncTestThreadRunner.RunSync(TestExecutionManager executionManager, CancellationToken cancellationToken)
   --- End of inner exception stack trace ---
2021-06-11T00:17:10.1694762+12:00:Thread#-1: Test #4/0 is started on thread #-1
2021-06-11T00:17:10.1725708+12:00:Thread#-1: Test #4/0 is finished on thread #-1 as Skipped within 0.001284 seconds
2021-06-11T00:17:10.1760631+12:00:Thread#-1:Scheduler: get next test for thread -1
2021-06-11T00:17:10.1761634+12:00:Thread#:Scheduler: at the end of normal test queue
2021-06-11T00:17:10.1761772+12:00:Thread#-1:Scheduler: enumerator for thread is at end
2021-06-11T00:17:10.2320819+12:00;Thread#12;Info;test run finished
2021-06-11T00:17:10.2324070+12:00;Thread#12;Info;publishing test results
2021-06-11T00:17:10.2328548+12:00;Thread#12;Info;Not publishing results.
2021-06-11T00:17:10.2330843+12:00;Thread#12;Info;test results published
2021-06-11T00:17:10.2332216+12:00;Thread#12;Info;generating reports
2021-06-11T00:17:10.3429301+12:00;Thread#12;Info;Starting external report generation process
2021-06-11T00:17:12.5994569+12:00;Thread#12;Info;Successfully generated reports.
2021-06-11T00:17:12.6024632+12:00;Thread#12;Info;Successfully generated reports
2021-06-11T00:17:12.6120746+12:00:Total: 1
2021-06-11T00:17:12.6143550+12:00:Succeeded: 0
2021-06-11T00:17:12.6147435+12:00:Ignored: 0
2021-06-11T00:17:12.6150906+12:00:Pending: 0
2021-06-11T00:17:12.6151037+12:00:Skipped: 1
2021-06-11T00:17:12.6154304+12:00:Failed: 0
2021-06-11T00:17:12.6171099+12:00;VSTestExecutionThread;Info;Adding attachments to VSTest
2021-06-11T00:17:12.6172305+12:00;VSTestExecutionThread;Info;adding Test Execution Report 'C:\Users\Dell\Documents\VB Feb 2021\SpecflowTask\SkillSwapSpecFlow\TestResults\Unnamed project__2021-06-11T001707.html'
========== End of log file ==========
