2021-06-11T00:16:47.8807817+12:00;VSTestExecutionThread;Info;SpecFlow+Runner execution started
2021-06-11T00:16:47.8810196+12:00;VSTestExecutionThread;Info;SpecFlow+Runner 3.8.12 in Framework netcore31 in x64 mode execution started
2021-06-11T00:16:47.8810257+12:00;VSTestExecutionThread;Info;TestAdapter Location: C:\Users\Dell\Documents\VB Feb 2021\SpecflowTask\SkillSwapSpecFlow\SkillSwapSpecFlow\bin\Debug\netcoreapp3.1\TechTalk.SpecRun.VisualStudio.TestAdapter.dll
2021-06-11T00:16:47.8830907+12:00;VSTestExecutionThread;Info;Current UserName: 'Dell', MachineName: 'DELL-PC'
2021-06-11T00:16:47.9267218+12:00;VSTestExecutionThread;Info;SpecRun: running tests in C:\Users\Dell\Documents\VB Feb 2021\SpecflowTask\SkillSwapSpecFlow\SkillSwapSpecFlow\bin\Debug\netcoreapp3.1\SkillSwapSpecFlow.dll
2021-06-11T00:16:47.9270127+12:00;VSTestExecutionThread;Info;Output folder configured to "C:\Users\Dell\Documents\VB Feb 2021\SpecflowTask\SkillSwapSpecFlow\TestResults" (default)
2021-06-11T00:16:47.9271746+12:00;VSTestExecutionThread;Info;Profile: 
2021-06-11T00:16:47.9983119+12:00;VSTestExecutionThread;Info;Log file path: C:\Users\Dell\Documents\VB Feb 2021\SpecflowTask\SkillSwapSpecFlow\TestResults\Unnamed project__2021-06-11T001647.log
2021-06-11T00:16:48.0050589+12:00;Thread#12;Info;Checking activation
2021-06-11T00:16:48.1287104+12:00;Thread#12;Info;Activated.
2021-06-11T00:16:48.1290348+12:00;Thread#12;Info;Activation check completed
2021-06-11T00:16:48.1291813+12:00;Thread#12;Info;Starting test run
2021-06-11T00:16:48.2469791+12:00;Thread#12;Info;Discovering target: Default
2021-06-11T00:16:48.2472749+12:00;Thread#12;Info;Discovering tests from assembly: C:\Users\Dell\Documents\VB Feb 2021\SpecflowTask\SkillSwapSpecFlow\SkillSwapSpecFlow\bin\Debug\netcoreapp3.1\SkillSwapSpecFlow.dll
2021-06-11T00:16:48.3850650+12:00;Thread#12;Info;Discovered tests from assembly: C:\Users\Dell\Documents\VB Feb 2021\SpecflowTask\SkillSwapSpecFlow\SkillSwapSpecFlow\bin\Debug\netcoreapp3.1\SkillSwapSpecFlow.dll
2021-06-11T00:16:48.3873032+12:00:Test Suite Dump
2021-06-11T00:16:48.3902833+12:00:#0: Unnamed project/ - 
2021-06-11T00:16:48.3903318+12:00:#1: Default - 
2021-06-11T00:16:48.3903411+12:00:#2: SkillSwapSpecFlow - 
2021-06-11T00:16:48.3903463+12:00:#3: Add Profile details - 
2021-06-11T00:16:48.3927777+12:00:#4: Add Description on Profile Page - TestAssembly:SkillSwapSpecFlow/Feature:Add+Profile+details/Scenario:Add+Description+on+Profile+Page
2021-06-11T00:16:48.3929155+12:00:End: Test Suite Dump
2021-06-11T00:16:48.4194464+12:00:Thread#0:Scheduler: get next test for thread 0
2021-06-11T00:16:48.4224439+12:00:Thread#:Scheduler: testitem #4 from normal test queue 
2021-06-11T00:16:48.4225996+12:00:Thread#0:Scheduler: considering testitem #4 for thread 0
2021-06-11T00:16:48.4281753+12:00:Thread#0:TestItem#4:testItemMatchesCurrentTestThread:UnSpecific
2021-06-11T00:16:48.4282057+12:00:Thread#0:TestItem#4:runsOnOneOtherThreadSpecific:False
2021-06-11T00:16:48.4282157+12:00:Thread#0:TestItem#4:runsOnOneOtherThreadUnspecific:False
2021-06-11T00:16:48.4282243+12:00:Thread#0:Scheduler: using testitem #4 for thread 0
2021-06-11T00:16:48.4294643+12:00:Thread#0:Scheduler: Test #4 is scheduled for thread
2021-06-11T00:16:48.4318720+12:00:Thread#0:Scheduler: with testItemExecutionIndex 0
2021-06-11T00:16:48.4350602+12:00:Thread #0: creating new test thread executor for SkillSwapSpecFlow, Version=1.0.0.0, Culture=neutral, PublicKeyToken=null (target: Default)
2021-06-11T00:16:48.4392049+12:00:Thread #0: Creating test assembly executor for execution model OutProc
2021-06-11T00:16:48.4396142+12:00:Thread #0: Creating test assembly executor for execution model OutProc
2021-06-11T00:16:48.4911170+12:00:Thread #0: using TechTalk.SpecRun.Framework.Execution.OutOfProc.StreamJsonRPC.OutOfProcessTestAssemblyExecutorHost to execute tests
2021-06-11T00:16:48.4942791+12:00:starting Out Of Process Executor
2021-06-11T00:16:48.5846655+12:00:Assembly resolving Microsoft.VisualStudio.Validation, Version=15.3.0.0, Culture=neutral, PublicKeyToken=b03f5f7f11d50a3a
2021-06-11T00:16:48.5921064+12:00:[AssemblyCache] Trying to resolve 'Microsoft.VisualStudio.Validation' from .deps.json file
2021-06-11T00:16:48.5921450+12:00:[AssemblyCache] Could not resolve 'Microsoft.VisualStudio.Validation' from .deps.json
2021-06-11T00:16:48.5937372+12:00:[AssemblyCache] Trying to resolve 'Microsoft.VisualStudio.Validation' in folder 'C:\Users\Dell\Documents\VB Feb 2021\SpecflowTask\SkillSwapSpecFlow\SkillSwapSpecFlow\bin\Debug\netcoreapp3.1'
2021-06-11T00:16:48.5942841+12:00:[AssemblyCache] Trying to resolve 'Microsoft.VisualStudio.Validation' to 'C:\Users\Dell\Documents\VB Feb 2021\SpecflowTask\SkillSwapSpecFlow\SkillSwapSpecFlow\bin\Debug\netcoreapp3.1\Microsoft.VisualStudio.Validation.dll'
2021-06-11T00:16:48.5944048+12:00:[AssemblyCache] Trying to resolve 'Microsoft.VisualStudio.Validation' to 'C:\Users\Dell\Documents\VB Feb 2021\SpecflowTask\SkillSwapSpecFlow\SkillSwapSpecFlow\bin\Debug\netcoreapp3.1\Microsoft.VisualStudio.Validation.exe'
2021-06-11T00:16:48.5944626+12:00:[AssemblyCache] Could not resolve 'Microsoft.VisualStudio.Validation' in folder 'C:\Users\Dell\Documents\VB Feb 2021\SpecflowTask\SkillSwapSpecFlow\SkillSwapSpecFlow\bin\Debug\netcoreapp3.1'
2021-06-11T00:16:48.5948634+12:00:TargetFramework: .NETCoreApp,Version=v3.1
2021-06-11T00:16:48.5958655+12:00:Tfm: netcoreapp3.1
2021-06-11T00:16:48.5958866+12:00:[AssemblyCache] Trying to resolve 'Microsoft.VisualStudio.Validation' in folder 'C:\Users\Dell\Documents\VB Feb 2021\SpecflowTask\SkillSwapSpecFlow\SkillSwapSpecFlow\bin\Debug\netcoreapp3.1\SpecFlowPlusRunner\netcoreapp3.1'
2021-06-11T00:16:48.5958949+12:00:[AssemblyCache] Trying to resolve 'Microsoft.VisualStudio.Validation' to 'C:\Users\Dell\Documents\VB Feb 2021\SpecflowTask\SkillSwapSpecFlow\SkillSwapSpecFlow\bin\Debug\netcoreapp3.1\SpecFlowPlusRunner\netcoreapp3.1\Microsoft.VisualStudio.Validation.dll'
2021-06-11T00:16:48.5960175+12:00:[AssemblyCache] Found file 'C:\Users\Dell\Documents\VB Feb 2021\SpecflowTask\SkillSwapSpecFlow\SkillSwapSpecFlow\bin\Debug\netcoreapp3.1\SpecFlowPlusRunner\netcoreapp3.1\Microsoft.VisualStudio.Validation.dll' for assembly 'Microsoft.VisualStudio.Validation'
2021-06-11T00:16:48.5967867+12:00:[AssemblyCache] Resolved 'Microsoft.VisualStudio.Validation' to C:\Users\Dell\Documents\VB Feb 2021\SpecflowTask\SkillSwapSpecFlow\SkillSwapSpecFlow\bin\Debug\netcoreapp3.1\SpecFlowPlusRunner\netcoreapp3.1\Microsoft.VisualStudio.Validation.dll
2021-06-11T00:16:48.5979015+12:00:Starting callback TCP Rpc server
2021-06-11T00:16:48.6259123+12:00:Asynchronously starting background TCP Rpc Server on port 32768
2021-06-11T00:16:48.6259935+12:00:Started callback TCP Rpc server on port 32768
2021-06-11T00:16:48.6260032+12:00:Starting logger TCP Rpc server
2021-06-11T00:16:48.6313550+12:00:Asynchronously starting background TCP Rpc Server on port 32769
2021-06-11T00:16:48.6314063+12:00:Started logger TCP Rpc server on port 32769
2021-06-11T00:16:48.8888426+12:00:Executing test executor at 'dotnet' 'exec "C:\Users\Dell\Documents\VB Feb 2021\SpecflowTask\SkillSwapSpecFlow\SkillSwapSpecFlow\bin\Debug\netcoreapp3.1\SpecFlowPlusRunner\netcoreapp3.1\TechTalk.SpecRun.Framework.Executor.anycpu.netcoreapp3_1.dll" --remoteRunnerPid 17392 --uniqueId "2021-06-11T001647" --outputFolder "C:\Users\Dell\Documents\VB Feb 2021\SpecflowTask\SkillSwapSpecFlow\TestResults" --callbackPort 32768 --loggerPort 32769' in 'C:\Users\Dell\Documents\VB Feb 2021\SpecflowTask\SkillSwapSpecFlow\SkillSwapSpecFlow\bin\Debug\netcoreapp3.1'
2021-06-11T00:16:48.9030002+12:00:Executor with PID 36152 has been started successfully.
2021-06-11T00:16:48.9087102+12:00:Out of Process Executor 36152 started
2021-06-11T00:16:48.9087361+12:00:Waiting for endpoint
2021-06-11T00:16:49.3448009+12:00:Assembly resolving Microsoft.VisualStudio.Threading, Version=15.3.0.0, Culture=neutral, PublicKeyToken=b03f5f7f11d50a3a
2021-06-11T00:16:49.3449404+12:00:[AssemblyCache] Trying to resolve 'Microsoft.VisualStudio.Threading' from .deps.json file
2021-06-11T00:16:49.3449751+12:00:[AssemblyCache] Could not resolve 'Microsoft.VisualStudio.Threading' from .deps.json
2021-06-11T00:16:49.3449943+12:00:[AssemblyCache] Trying to resolve 'Microsoft.VisualStudio.Threading' in folder 'C:\Users\Dell\Documents\VB Feb 2021\SpecflowTask\SkillSwapSpecFlow\SkillSwapSpecFlow\bin\Debug\netcoreapp3.1'
2021-06-11T00:16:49.3450009+12:00:[AssemblyCache] Trying to resolve 'Microsoft.VisualStudio.Threading' to 'C:\Users\Dell\Documents\VB Feb 2021\SpecflowTask\SkillSwapSpecFlow\SkillSwapSpecFlow\bin\Debug\netcoreapp3.1\Microsoft.VisualStudio.Threading.dll'
2021-06-11T00:16:49.3450959+12:00:[AssemblyCache] Trying to resolve 'Microsoft.VisualStudio.Threading' to 'C:\Users\Dell\Documents\VB Feb 2021\SpecflowTask\SkillSwapSpecFlow\SkillSwapSpecFlow\bin\Debug\netcoreapp3.1\Microsoft.VisualStudio.Threading.exe'
2021-06-11T00:16:49.3452313+12:00:[AssemblyCache] Could not resolve 'Microsoft.VisualStudio.Threading' in folder 'C:\Users\Dell\Documents\VB Feb 2021\SpecflowTask\SkillSwapSpecFlow\SkillSwapSpecFlow\bin\Debug\netcoreapp3.1'
2021-06-11T00:16:49.3452581+12:00:TargetFramework: .NETCoreApp,Version=v3.1
2021-06-11T00:16:49.3453755+12:00:Tfm: netcoreapp3.1
2021-06-11T00:16:49.3454075+12:00:[AssemblyCache] Trying to resolve 'Microsoft.VisualStudio.Threading' in folder 'C:\Users\Dell\Documents\VB Feb 2021\SpecflowTask\SkillSwapSpecFlow\SkillSwapSpecFlow\bin\Debug\netcoreapp3.1\SpecFlowPlusRunner\netcoreapp3.1'
2021-06-11T00:16:49.3454168+12:00:[AssemblyCache] Trying to resolve 'Microsoft.VisualStudio.Threading' to 'C:\Users\Dell\Documents\VB Feb 2021\SpecflowTask\SkillSwapSpecFlow\SkillSwapSpecFlow\bin\Debug\netcoreapp3.1\SpecFlowPlusRunner\netcoreapp3.1\Microsoft.VisualStudio.Threading.dll'
2021-06-11T00:16:49.3455031+12:00:[AssemblyCache] Found file 'C:\Users\Dell\Documents\VB Feb 2021\SpecflowTask\SkillSwapSpecFlow\SkillSwapSpecFlow\bin\Debug\netcoreapp3.1\SpecFlowPlusRunner\netcoreapp3.1\Microsoft.VisualStudio.Threading.dll' for assembly 'Microsoft.VisualStudio.Threading'
2021-06-11T00:16:49.3466001+12:00:[AssemblyCache] Resolved 'Microsoft.VisualStudio.Threading' to C:\Users\Dell\Documents\VB Feb 2021\SpecflowTask\SkillSwapSpecFlow\SkillSwapSpecFlow\bin\Debug\netcoreapp3.1\SpecFlowPlusRunner\netcoreapp3.1\Microsoft.VisualStudio.Threading.dll
2021-06-11T00:16:49.6800111+12:00:Remote executor port received: 32770
2021-06-11T00:16:49.6805504+12:00:Creating executor TCP client on port 32770
2021-06-11T00:16:49.6812058+12:00:Created executor TCP client on port 32770
2021-06-11T00:16:49.6812203+12:00:Connecting to remote executor TCP server
2021-06-11T00:16:49.6823316+12:00:Connected remote executor TCP server
2021-06-11T00:16:49.6826213+12:00:trying to connect to Out of Process Executor the 1 attempt
2021-06-11T00:16:49.6826421+12:00:Connection to Out of Process Executor established in the 1 attempt
2021-06-11T00:16:49.9183393+12:00:2021-06-11T00:16:49.9158362+12:00:OutOfProcessTestAssemblyExecutor: initialized for C:\Users\Dell\Documents\VB Feb 2021\SpecflowTask\SkillSwapSpecFlow\SkillSwapSpecFlow\bin\Debug\netcoreapp3.1\SkillSwapSpecFlow.dll on test thread #0
2021-06-11T00:16:49.9273902+12:00:Endpoint 36152 started
2021-06-11T00:16:49.9678592+12:00:2021-06-11T00:16:49.9671913+12:00:OutOfProcessTestAssemblyExecutor: running tests...
2021-06-11T00:16:50.1427740+12:00:2021-06-11T00:16:50.1423173+12:00:Assembly resolving TechTalk.SpecFlow, Version=3.8.0.0, Culture=neutral, PublicKeyToken=0778194805d6db41
2021-06-11T00:16:50.1466151+12:00:2021-06-11T00:16:50.1461409+12:00:[AssemblyCache] Trying to resolve 'TechTalk.SpecFlow' from .deps.json file
2021-06-11T00:16:50.1509610+12:00:2021-06-11T00:16:50.1503940+12:00:[AssemblyCache] Resolved 'TechTalk.SpecFlow' to 'C:\Users\Dell\.nuget\packages\specflow\3.8.7\lib\netstandard2.0\TechTalk.SpecFlow.dll'
2021-06-11T00:16:50.3115194+12:00:2021-06-11T00:16:50.3110009+12:00:Thread#0:T:-> Loading plugin C:\Users\Dell\Documents\VB Feb 2021\SpecflowTask\SkillSwapSpecFlow\SkillSwapSpecFlow\bin\Debug\netcoreapp3.1\SkillSwapSpecFlow.dll
2021-06-11T00:16:50.3143434+12:00:2021-06-11T00:16:50.3132514+12:00:Assembly resolving Microsoft.Extensions.DependencyModel, Version=1.0.1.0, Culture=neutral, PublicKeyToken=adb9793829ddae60
2021-06-11T00:16:50.3151145+12:00:2021-06-11T00:16:50.3147007+12:00:[AssemblyCache] Trying to resolve 'Microsoft.Extensions.DependencyModel' from .deps.json file
2021-06-11T00:16:50.3165423+12:00:2021-06-11T00:16:50.3157002+12:00:[AssemblyCache] Resolved 'Microsoft.Extensions.DependencyModel' to 'C:\Users\Dell\.nuget\packages\microsoft.extensions.dependencymodel\1.0.3\lib\netstandard1.6\Microsoft.Extensions.DependencyModel.dll'
2021-06-11T00:16:50.3874688+12:00:2021-06-11T00:16:50.3869955+12:00:Assembly resolving Microsoft.DotNet.PlatformAbstractions, Version=1.0.1.0, Culture=neutral, PublicKeyToken=adb9793829ddae60
2021-06-11T00:16:50.3880333+12:00:2021-06-11T00:16:50.3877708+12:00:[AssemblyCache] Trying to resolve 'Microsoft.DotNet.PlatformAbstractions' from .deps.json file
2021-06-11T00:16:50.3887101+12:00:2021-06-11T00:16:50.3884420+12:00:[AssemblyCache] Resolved 'Microsoft.DotNet.PlatformAbstractions' to 'C:\Users\Dell\.nuget\packages\microsoft.dotnet.platformabstractions\1.0.3\lib\netstandard1.3\Microsoft.DotNet.PlatformAbstractions.dll'
2021-06-11T00:16:50.3986105+12:00:2021-06-11T00:16:50.3980036+12:00:Thread#0:T:-> Missing [assembly:RuntimePlugin] attribute in SkillSwapSpecFlow, Version=1.0.0.0, Culture=neutral, PublicKeyToken=null. Please check https://go.specflow.org/doc-plugins for details.
2021-06-11T00:16:50.3996437+12:00:2021-06-11T00:16:50.3991554+12:00:Thread#0:T:-> Loading plugin C:\Users\Dell\Documents\VB Feb 2021\SpecflowTask\SkillSwapSpecFlow\SkillSwapSpecFlow\bin\Debug\netcoreapp3.1\LivingDoc.SpecFlowPlugin.dll
2021-06-11T00:16:50.4073303+12:00:2021-06-11T00:16:50.4068673+12:00:Assembly resolving LivingDoc.Dtos, Version=3.8.0.0, Culture=neutral, PublicKeyToken=null
2021-06-11T00:16:50.4078347+12:00:2021-06-11T00:16:50.4075850+12:00:[AssemblyCache] Trying to resolve 'LivingDoc.Dtos' from .deps.json file
2021-06-11T00:16:50.4085496+12:00:2021-06-11T00:16:50.4083131+12:00:[AssemblyCache] Resolved 'LivingDoc.Dtos' to 'C:\Users\Dell\.nuget\packages\specflow.plus.livingdocplugin\3.8.35\lib\netstandard2.0\LivingDoc.Dtos.dll'
2021-06-11T00:16:50.4118397+12:00:2021-06-11T00:16:50.4113693+12:00:Thread#0:T:-> Loading plugin C:\Users\Dell\Documents\VB Feb 2021\SpecflowTask\SkillSwapSpecFlow\SkillSwapSpecFlow\bin\Debug\netcoreapp3.1\SpecRun.Runtime.SpecFlowPlugin.dll
2021-06-11T00:16:50.4267344+12:00:2021-06-11T00:16:50.4262966+12:00:Thread#0:T:-> Using default config
2021-06-11T00:16:50.4457193+12:00:2021-06-11T00:16:50.4452148+12:00:Assembly resolving Cucumber.Messages, Version=6.0.1.0, Culture=neutral, PublicKeyToken=b10c5988214f940c
2021-06-11T00:16:50.4464416+12:00:2021-06-11T00:16:50.4460493+12:00:[AssemblyCache] Trying to resolve 'Cucumber.Messages' from .deps.json file
2021-06-11T00:16:50.4472394+12:00:2021-06-11T00:16:50.4469315+12:00:[AssemblyCache] Resolved 'Cucumber.Messages' to 'C:\Users\Dell\.nuget\packages\cucumber.messages\6.0.1\lib\netstandard2.0\Cucumber.Messages.dll'
2021-06-11T00:16:50.4493453+12:00:2021-06-11T00:16:50.4488984+12:00:Assembly resolving Google.Protobuf, Version=3.7.0.0, Culture=neutral, PublicKeyToken=a7d26565bac4d604
2021-06-11T00:16:50.4499605+12:00:2021-06-11T00:16:50.4496435+12:00:[AssemblyCache] Trying to resolve 'Google.Protobuf' from .deps.json file
2021-06-11T00:16:50.4507262+12:00:2021-06-11T00:16:50.4504122+12:00:[AssemblyCache] Resolved 'Google.Protobuf' to 'C:\Users\Dell\.nuget\packages\google.protobuf\3.7.0\lib\netstandard1.0\Google.Protobuf.dll'
2021-06-11T00:16:50.4617581+12:00:2021-06-11T00:16:50.4613167+12:00:Assembly resolving Microsoft.VisualStudio.TestPlatform.ObjectModel, Version=15.0.0.0, Culture=neutral, PublicKeyToken=b03f5f7f11d50a3a
2021-06-11T00:16:50.4624347+12:00:2021-06-11T00:16:50.4620958+12:00:[AssemblyCache] Trying to resolve 'Microsoft.VisualStudio.TestPlatform.ObjectModel' from .deps.json file
2021-06-11T00:16:50.4740217+12:00:2021-06-11T00:16:50.4720682+12:00:[AssemblyCache] Resolved 'Microsoft.VisualStudio.TestPlatform.ObjectModel' to 'C:\Users\Dell\.nuget\packages\microsoft.testplatform.objectmodel\16.10.0\lib\netcoreapp2.1\Microsoft.VisualStudio.TestPlatform.ObjectModel.dll'
2021-06-11T00:16:50.5173665+12:00:2021-06-11T00:16:50.5159583+12:00:Thread#0:T:-> error: The binding methods for before/after feature and before/after test run events must be static! SkillSwapSpecFlow:SkillSwapSpecFlow.Hooks.Hooks.Setup() (0.0s)
2021-06-11T00:16:50.5727086+12:00:2021-06-11T00:16:50.5712684+12:00:OutOfProcessTestAssemblyExecutor: RunTest error: TechTalk.SpecFlow.BindingException: The binding methods for before/after feature and before/after test run events must be static! SkillSwapSpecFlow:SkillSwapSpecFlow.Hooks.Hooks.Setup()
   at TechTalk.SpecFlow.ErrorHandling.ErrorProvider.GetNonStaticEventError(IBindingMethod method) in D:\a\1\s\TechTalk.SpecFlow\ErrorHandling\ErrorProvider.cs:line 128
   at TechTalk.SpecFlow.Bindings.Discovery.RuntimeBindingSourceProcessor.ValidateHook(BindingSourceMethod bindingSourceMethod, BindingSourceAttribute hookAttribute, HookType hookType) in D:\a\1\s\TechTalk.SpecFlow\Bindings\Discovery\RuntimeBindingSourceProcessor.cs:line 54
   at TechTalk.SpecFlow.Bindings.Discovery.BindingSourceProcessor.ProcessHookAttribute(BindingSourceMethod bindingSourceMethod, BindingSourceAttribute hookAttribute, BindingScope scope) in D:\a\1\s\TechTalk.SpecFlow\Bindings\Discovery\BindingSourceProcessor.cs:line 168
   at TechTalk.SpecFlow.Bindings.Discovery.BindingSourceProcessor.<>c__DisplayClass21_0.<ProcessHookAttribute>b__1(BindingScope scope) in D:\a\1\s\TechTalk.SpecFlow\Bindings\Discovery\BindingSourceProcessor.cs:line 149
   at TechTalk.SpecFlow.Bindings.Discovery.BindingSourceProcessor.ProcessHookAttribute(BindingSourceMethod bindingSourceMethod, BindingScope[] methodScopes, BindingSourceAttribute hookAttribute) in D:\a\1\s\TechTalk.SpecFlow\Bindings\Discovery\BindingSourceProcessor.cs:line 150
   at TechTalk.SpecFlow.Bindings.Discovery.BindingSourceProcessor.ProcessHooks(BindingSourceMethod bindingSourceMethod, BindingScope[] methodScopes) in D:\a\1\s\TechTalk.SpecFlow\Bindings\Discovery\BindingSourceProcessor.cs:line 121
   at TechTalk.SpecFlow.Bindings.Discovery.BindingSourceProcessor.ProcessMethod(BindingSourceMethod bindingSourceMethod) in D:\a\1\s\TechTalk.SpecFlow\Bindings\Discovery\BindingSourceProcessor.cs:line 108
   at TechTalk.SpecFlow.Bindings.Discovery.RuntimeBindingRegistryBuilder.BuildBindingsFromType(Type type) in D:\a\1\s\TechTalk.SpecFlow\Bindings\Discovery\RuntimeBindingRegistryBuilder.cs:line 49
   at TechTalk.SpecFlow.Bindings.Discovery.RuntimeBindingRegistryBuilder.BuildBindingsFromAssembly(Assembly assembly) in D:\a\1\s\TechTalk.SpecFlow\Bindings\Discovery\RuntimeBindingRegistryBuilder.cs:line 25
   at TechTalk.SpecFlow.TestRunnerManager.BuildBindingRegistry(IEnumerable`1 bindingAssemblies) in D:\a\1\s\TechTalk.SpecFlow\TestRunnerManager.cs:line 92
   at TechTalk.SpecFlow.TestRunnerManager.InitializeBindingRegistry(ITestRunner testRunner) in D:\a\1\s\TechTalk.SpecFlow\TestRunnerManager.cs:line 75
   at TechTalk.SpecFlow.TestRunnerManager.CreateTestRunner(Int32 threadId) in D:\a\1\s\TechTalk.SpecFlow\TestRunnerManager.cs:line 63
   at TechTalk.SpecFlow.TestRunnerManager.GetTestRunnerWithoutExceptionHandling(Int32 threadId) in D:\a\1\s\TechTalk.SpecFlow\TestRunnerManager.cs:line 155
   at TechTalk.SpecFlow.TestRunnerManager.GetTestRunner(Int32 threadId) in D:\a\1\s\TechTalk.SpecFlow\TestRunnerManager.cs:line 136
   at TechTalk.SpecFlow.TestRunnerManager.OnTestRunStart(Assembly testAssembly, IContainerBuilder containerBuilder) in D:\a\1\s\TechTalk.SpecFlow\TestRunnerManager.cs:line 232
   at SkillSwapSpecFlow_SpecFlowPlusRunnerAssemblyHooks.AssemblyInitialize() in C:\Users\Dell\Documents\VB Feb 2021\SpecflowTask\SkillSwapSpecFlow\SkillSwapSpecFlow\obj\Debug\netcoreapp3.1\SpecFlow.Plus.Runner.AssemblyHooks.cs:line 12
   at TechTalk.SpecRun.Framework.TaskExecutors.StaticOrInstanceMethodExecutor.ExecuteInternal(ITestThreadExecutionContext testThreadExecutionContext)
   at TechTalk.SpecRun.Framework.TaskExecutors.StaticOrInstanceMethodExecutor.Execute(ITestThreadExecutionContext testThreadExecutionContext)
   at TechTalk.SpecRun.Framework.TestAssemblyExecutor.RunAssemblyInitializeExecutors(ITestAssemblyExecutorsProvider testAssemblyExecutorsProvider, ITestThreadExecutionContext testThreadExecutionContext)
   at TechTalk.SpecRun.Framework.TestAssemblyExecutor.RunTests(ITestAssemblyExecutorState executorState, ITestAssemblyExecutorsProvider testAssemblyExecutorsProvider, ITestThreadExecutionContext testThreadExecutionContext)
   at TechTalk.SpecRun.Framework.TestAssemblyExecutor.RunTests(TestThreadState testThreadState)
   at TechTalk.SpecRun.Framework.Execution.InProcess.InProcAppDomainTestAssemblyExecutor.RunTests(TestThreadState testThreadState)
   at TechTalk.SpecRun.Framework.Execution.OutOfProcess.OutOfProcessTestAssemblyExecutor.RunTests(TestThreadState testThreadState)
2021-06-11T00:16:50.5741341+12:00:2021-06-11T00:16:50.5735902+12:00:OutOfProcessTestAssemblyExecutorReceiver - Error at RunTests - TechTalk.SpecFlow.BindingException: The binding methods for before/after feature and before/after test run events must be static! SkillSwapSpecFlow:SkillSwapSpecFlow.Hooks.Hooks.Setup()
   at TechTalk.SpecFlow.ErrorHandling.ErrorProvider.GetNonStaticEventError(IBindingMethod method) in D:\a\1\s\TechTalk.SpecFlow\ErrorHandling\ErrorProvider.cs:line 128
   at TechTalk.SpecFlow.Bindings.Discovery.RuntimeBindingSourceProcessor.ValidateHook(BindingSourceMethod bindingSourceMethod, BindingSourceAttribute hookAttribute, HookType hookType) in D:\a\1\s\TechTalk.SpecFlow\Bindings\Discovery\RuntimeBindingSourceProcessor.cs:line 54
   at TechTalk.SpecFlow.Bindings.Discovery.BindingSourceProcessor.ProcessHookAttribute(BindingSourceMethod bindingSourceMethod, BindingSourceAttribute hookAttribute, BindingScope scope) in D:\a\1\s\TechTalk.SpecFlow\Bindings\Discovery\BindingSourceProcessor.cs:line 168
   at TechTalk.SpecFlow.Bindings.Discovery.BindingSourceProcessor.<>c__DisplayClass21_0.<ProcessHookAttribute>b__1(BindingScope scope) in D:\a\1\s\TechTalk.SpecFlow\Bindings\Discovery\BindingSourceProcessor.cs:line 149
   at TechTalk.SpecFlow.Bindings.Discovery.BindingSourceProcessor.ProcessHookAttribute(BindingSourceMethod bindingSourceMethod, BindingScope[] methodScopes, BindingSourceAttribute hookAttribute) in D:\a\1\s\TechTalk.SpecFlow\Bindings\Discovery\BindingSourceProcessor.cs:line 150
   at TechTalk.SpecFlow.Bindings.Discovery.BindingSourceProcessor.ProcessHooks(BindingSourceMethod bindingSourceMethod, BindingScope[] methodScopes) in D:\a\1\s\TechTalk.SpecFlow\Bindings\Discovery\BindingSourceProcessor.cs:line 121
   at TechTalk.SpecFlow.Bindings.Discovery.BindingSourceProcessor.ProcessMethod(BindingSourceMethod bindingSourceMethod) in D:\a\1\s\TechTalk.SpecFlow\Bindings\Discovery\BindingSourceProcessor.cs:line 108
   at TechTalk.SpecFlow.Bindings.Discovery.RuntimeBindingRegistryBuilder.BuildBindingsFromType(Type type) in D:\a\1\s\TechTalk.SpecFlow\Bindings\Discovery\RuntimeBindingRegistryBuilder.cs:line 49
   at TechTalk.SpecFlow.Bindings.Discovery.RuntimeBindingRegistryBuilder.BuildBindingsFromAssembly(Assembly assembly) in D:\a\1\s\TechTalk.SpecFlow\Bindings\Discovery\RuntimeBindingRegistryBuilder.cs:line 25
   at TechTalk.SpecFlow.TestRunnerManager.BuildBindingRegistry(IEnumerable`1 bindingAssemblies) in D:\a\1\s\TechTalk.SpecFlow\TestRunnerManager.cs:line 92
   at TechTalk.SpecFlow.TestRunnerManager.InitializeBindingRegistry(ITestRunner testRunner) in D:\a\1\s\TechTalk.SpecFlow\TestRunnerManager.cs:line 75
   at TechTalk.SpecFlow.TestRunnerManager.CreateTestRunner(Int32 threadId) in D:\a\1\s\TechTalk.SpecFlow\TestRunnerManager.cs:line 63
   at TechTalk.SpecFlow.TestRunnerManager.GetTestRunnerWithoutExceptionHandling(Int32 threadId) in D:\a\1\s\TechTalk.SpecFlow\TestRunnerManager.cs:line 155
   at TechTalk.SpecFlow.TestRunnerManager.GetTestRunner(Int32 threadId) in D:\a\1\s\TechTalk.SpecFlow\TestRunnerManager.cs:line 136
   at TechTalk.SpecFlow.TestRunnerManager.OnTestRunStart(Assembly testAssembly, IContainerBuilder containerBuilder) in D:\a\1\s\TechTalk.SpecFlow\TestRunnerManager.cs:line 232
   at SkillSwapSpecFlow_SpecFlowPlusRunnerAssemblyHooks.AssemblyInitialize() in C:\Users\Dell\Documents\VB Feb 2021\SpecflowTask\SkillSwapSpecFlow\SkillSwapSpecFlow\obj\Debug\netcoreapp3.1\SpecFlow.Plus.Runner.AssemblyHooks.cs:line 12
   at TechTalk.SpecRun.Framework.TaskExecutors.StaticOrInstanceMethodExecutor.ExecuteInternal(ITestThreadExecutionContext testThreadExecutionContext)
   at TechTalk.SpecRun.Framework.TaskExecutors.StaticOrInstanceMethodExecutor.Execute(ITestThreadExecutionContext testThreadExecutionContext)
   at TechTalk.SpecRun.Framework.TestAssemblyExecutor.RunAssemblyInitializeExecutors(ITestAssemblyExecutorsProvider testAssemblyExecutorsProvider, ITestThreadExecutionContext testThreadExecutionContext)
   at TechTalk.SpecRun.Framework.TestAssemblyExecutor.RunTests(ITestAssemblyExecutorState executorState, ITestAssemblyExecutorsProvider testAssemblyExecutorsProvider, ITestThreadExecutionContext testThreadExecutionContext)
   at TechTalk.SpecRun.Framework.TestAssemblyExecutor.RunTests(TestThreadState testThreadState)
   at TechTalk.SpecRun.Framework.Execution.InProcess.InProcAppDomainTestAssemblyExecutor.RunTests(TestThreadState testThreadState)
   at TechTalk.SpecRun.Framework.Execution.OutOfProcess.OutOfProcessTestAssemblyExecutor.RunTests(TestThreadState testThreadState)
   at TechTalk.SpecRun.Framework.Execution.OutOfProcess.OutOfProcessTestAssemblyExecutorReceiver.RunTests(TestThreadState testThreadState)
2021-06-11T00:16:50.6097965+12:00:test thread #0 error: StreamJsonRpc.RemoteInvocationException: The binding methods for before/after feature and before/after test run events must be static! SkillSwapSpecFlow:SkillSwapSpecFlow.Hooks.Hooks.Setup()
   at StreamJsonRpc.JsonRpc.InvokeCoreAsync[TResult](Nullable`1 id, String targetName, IReadOnlyList`1 arguments, CancellationToken cancellationToken, Boolean isParameterObject)
   at TechTalk.SpecFlow.Plus.RPC.TcpRpcClient.Invoke[T](String methodName, Object[] parameters)
   at TechTalk.SpecFlow.Plus.RPC.AsyncHelper.RunSync[TResult](Func`1 func)
   at TechTalk.SpecRun.Framework.Execution.OutOfProc.StreamJsonRPC.OutOfProcessTestAssemblyExecutorClient.RunTests(TestThreadState testThreadState)
   at TechTalk.SpecRun.Framework.Execution.OutOfProc.StreamJsonRPC.RemoteExecutor.RunTests(TestThreadState testThreadState)
   at TechTalk.SpecRun.Framework.Execution.OutOfProc.StreamJsonRPC.OutOfProcessTestAssemblyExecutorHost.RunTests(TestThreadState testThreadState)
   at TechTalk.SpecRun.Framework.TestThread.RunNonEmptyTestSuite(CancellationToken cancellationToken, TestThreadState testThreadState)
   at TechTalk.SpecRun.Framework.TestThread.Run(ITestExecutionManager executionManagerForRun, CancellationToken cancellationToken)
   at TechTalk.SpecRun.Framework.AsyncTestThreadRunner.RunSync(TestExecutionManager executionManager, CancellationToken cancellationToken)
2021-06-11T00:16:50.6118077+12:00:test thread error: TechTalk.SpecRun.Framework.SpecRunException: At least one test thread aborted.
 ---> StreamJsonRpc.RemoteInvocationException: The binding methods for before/after feature and before/after test run events must be static! SkillSwapSpecFlow:SkillSwapSpecFlow.Hooks.Hooks.Setup()
   at StreamJsonRpc.JsonRpc.InvokeCoreAsync[TResult](Nullable`1 id, String targetName, IReadOnlyList`1 arguments, CancellationToken cancellationToken, Boolean isParameterObject)
   at TechTalk.SpecFlow.Plus.RPC.TcpRpcClient.Invoke[T](String methodName, Object[] parameters)
   at TechTalk.SpecFlow.Plus.RPC.AsyncHelper.RunSync[TResult](Func`1 func)
   at TechTalk.SpecRun.Framework.Execution.OutOfProc.StreamJsonRPC.OutOfProcessTestAssemblyExecutorClient.RunTests(TestThreadState testThreadState)
   at TechTalk.SpecRun.Framework.Execution.OutOfProc.StreamJsonRPC.RemoteExecutor.RunTests(TestThreadState testThreadState)
   at TechTalk.SpecRun.Framework.Execution.OutOfProc.StreamJsonRPC.OutOfProcessTestAssemblyExecutorHost.RunTests(TestThreadState testThreadState)
   at TechTalk.SpecRun.Framework.TestThread.RunNonEmptyTestSuite(CancellationToken cancellationToken, TestThreadState testThreadState)
   at TechTalk.SpecRun.Framework.TestThread.Run(ITestExecutionManager executionManagerForRun, CancellationToken cancellationToken)
   at TechTalk.SpecRun.Framework.AsyncTestThreadRunner.RunSync(TestExecutionManager executionManager, CancellationToken cancellationToken)
   --- End of inner exception stack trace ---
2021-06-11T00:16:50.6210701+12:00:Thread#-1: Test #4/0 is started on thread #-1
2021-06-11T00:16:50.6237142+12:00:Thread#-1: Test #4/0 is finished on thread #-1 as Skipped within 0.0009636 seconds
2021-06-11T00:16:50.6265220+12:00:Thread#-1:Scheduler: get next test for thread -1
2021-06-11T00:16:50.6265805+12:00:Thread#:Scheduler: at the end of normal test queue
2021-06-11T00:16:50.6265918+12:00:Thread#-1:Scheduler: enumerator for thread is at end
2021-06-11T00:16:50.6888037+12:00;Thread#12;Info;test run finished
2021-06-11T00:16:50.6889973+12:00;Thread#12;Info;publishing test results
2021-06-11T00:16:50.6892288+12:00;Thread#12;Info;Not publishing results.
2021-06-11T00:16:50.6893989+12:00;Thread#12;Info;test results published
2021-06-11T00:16:50.6894780+12:00;Thread#12;Info;generating reports
2021-06-11T00:16:50.8272126+12:00;Thread#12;Info;Starting external report generation process
2021-06-11T00:16:54.6988837+12:00;Thread#12;Info;Successfully generated reports.
2021-06-11T00:16:54.7031164+12:00;Thread#12;Info;Successfully generated reports
2021-06-11T00:16:54.7146026+12:00:Total: 1
2021-06-11T00:16:54.7172199+12:00:Succeeded: 0
2021-06-11T00:16:54.7176878+12:00:Ignored: 0
2021-06-11T00:16:54.7180992+12:00:Pending: 0
2021-06-11T00:16:54.7181124+12:00:Skipped: 1
2021-06-11T00:16:54.7184761+12:00:Failed: 0
2021-06-11T00:16:54.7203637+12:00;VSTestExecutionThread;Info;Adding attachments to VSTest
2021-06-11T00:16:54.7204894+12:00;VSTestExecutionThread;Info;adding Test Execution Report 'C:\Users\Dell\Documents\VB Feb 2021\SpecflowTask\SkillSwapSpecFlow\TestResults\Unnamed project__2021-06-11T001647.html'
========== End of log file ==========
